k: 2, n: 500, target_tolerance: 1.0e-9, max_iterations: 500000, seed: 42



---------------------------------------------------------
---------------------------------------------------------
LMOs: DataType[FrankWolfe.ProbabilitySimplexOracle{Float64}, FrankWolfe.ProbabilitySimplexOracle{Float64}]
---------------------------------------------------------
---------------------------------------------------------

 ----------> Block-coordinate vanilla FW
---------------------------------------------------------

Block coordinate Frank-Wolfe (BCFW).
MEMORY_MODE: FrankWolfe.InplaceEmphasis() STEPSIZE: DataType[FrankWolfe.Shortstep{Int64}, FrankWolfe.Shortstep{Int64}] EPSILON: 1.0e-9 MAXITERATION: 500000 TYPE: Float64
MOMENTUM: nothing GRADIENTTYPE: FrankWolfe.BlockVector{Float64, Vector{Float64}, Tuple{Int64}} UPDATE_ORDER: FrankWolfe.CyclicUpdate() UPDATE_STEP: DataType[FrankWolfe.FrankWolfeStep, FrankWolfe.FrankWolfeStep]

-------------------------------------------------------------------------------------------------
  Type     Iteration         Primal           Dual       Dual Gap           Time         It/sec
-------------------------------------------------------------------------------------------------[s
     I             1   7.031250e+03  -7.968750e+03   1.500000e+04   0.000000e+00            Inf[s
  Last         17579   2.250000e+01   2.250000e+01   9.964722e-10   1.723565e+00   1.019921e+04
-------------------------------------------------------------------------------------------------[s

 ----------> Block-coordinate BPCG
---------------------------------------------------------

Block coordinate Frank-Wolfe (BCFW).
MEMORY_MODE: FrankWolfe.InplaceEmphasis() STEPSIZE: DataType[FrankWolfe.Shortstep{Int64}, FrankWolfe.Shortstep{Int64}] EPSILON: 1.0e-9 MAXITERATION: 500000 TYPE: Float64
MOMENTUM: nothing GRADIENTTYPE: FrankWolfe.BlockVector{Float64, Vector{Float64}, Tuple{Int64}} UPDATE_ORDER: FrankWolfe.CyclicUpdate() UPDATE_STEP: DataType[FrankWolfe.BPCGStep, FrankWolfe.BPCGStep]

-------------------------------------------------------------------------------------------------
  Type     Iteration         Primal           Dual       Dual Gap           Time         It/sec
-------------------------------------------------------------------------------------------------[s
     I             1   7.031250e+03  -7.968750e+03   1.500000e+04   0.000000e+00            Inf[s
  Last          8819   2.250000e+01   2.250000e+01   9.804069e-10   1.192978e+00   7.392423e+03
-------------------------------------------------------------------------------------------------[s

 ----------> Block-coordinate BPCG over FULL product (i.e., BC with full BPCG updates)

Block coordinate Frank-Wolfe (BCFW).
MEMORY_MODE: FrankWolfe.InplaceEmphasis() STEPSIZE: DataType[FrankWolfe.Shortstep{Int64}, FrankWolfe.Shortstep{Int64}] EPSILON: 1.0e-9 MAXITERATION: 500000 TYPE: Float64
MOMENTUM: nothing GRADIENTTYPE: FrankWolfe.BlockVector{Float64, Vector{Float64}, Tuple{Int64}} UPDATE_ORDER: FrankWolfe.FullUpdate() UPDATE_STEP: DataType[FrankWolfe.BPCGStep, FrankWolfe.BPCGStep]

-------------------------------------------------------------------------------------------------
  Type     Iteration         Primal           Dual       Dual Gap           Time         It/sec
-------------------------------------------------------------------------------------------------[s
     I             1   7.031250e+03  -7.968750e+03   1.500000e+04   0.000000e+00            Inf[s
  Last          8781   2.250000e+01   2.250000e+01   1.848314e-09   3.683664e-01   2.383768e+04
-------------------------------------------------------------------------------------------------[s

 ----------> BPCG over full product LMO

Blended Pairwise Conditional Gradient Algorithm.
MEMORY_MODE: FrankWolfe.InplaceEmphasis() STEPSIZE: Shortstep EPSILON: 1.0e-9 MAXITERATION: 500000 TYPE: Float64
GRADIENTTYPE: FrankWolfe.BlockVector{Float64, Vector{Float64}, Tuple{Int64}} LAZY: false lazy_tolerance: 2.0
LMO: FrankWolfe.ProductLMO{2, Tuple{FrankWolfe.ProbabilitySimplexOracle{Float64}, FrankWolfe.ProbabilitySimplexOracle{Float64}}}

----------------------------------------------------------------------------------------------------------------
  Type     Iteration         Primal           Dual       Dual Gap           Time         It/sec     #ActiveSet
----------------------------------------------------------------------------------------------------------------[s
     I             1   1.125000e+04  -3.750000e+03   1.500000e+04   0.000000e+00            Inf              1[s
  Last         10900   2.250000e+01   2.250000e+01   9.828618e-10   1.219215e+00   8.940179e+03            500
----------------------------------------------------------------------------------------------------------------[s
    PP         10900   2.250000e+01   2.250000e+01   9.828618e-10   1.311015e+00   8.314166e+03            500
----------------------------------------------------------------------------------------------------------------[s



---------------------------------------------------------
---------------------------------------------------------
LMOs: DataType[FrankWolfe.ProbabilitySimplexOracle{Float64}, FrankWolfe.ScaledBoundLInfNormBall{Float64, 1, Vector{Float64}, Vector{Float64}}]
---------------------------------------------------------
---------------------------------------------------------

 ----------> Block-coordinate vanilla FW
---------------------------------------------------------

Block coordinate Frank-Wolfe (BCFW).
MEMORY_MODE: FrankWolfe.InplaceEmphasis() STEPSIZE: DataType[FrankWolfe.Shortstep{Int64}, FrankWolfe.Shortstep{Int64}] EPSILON: 1.0e-9 MAXITERATION: 500000 TYPE: Float64
MOMENTUM: nothing GRADIENTTYPE: FrankWolfe.BlockVector{Float64, Vector{Float64}, Tuple{Int64}} UPDATE_ORDER: FrankWolfe.CyclicUpdate() UPDATE_STEP: DataType[FrankWolfe.FrankWolfeStep, FrankWolfe.FrankWolfeStep]

-------------------------------------------------------------------------------------------------
  Type     Iteration         Primal           Dual       Dual Gap           Time         It/sec
-------------------------------------------------------------------------------------------------[s
     I             1   8.800398e+05   8.478950e+05   3.214478e+04   0.000000e+00            Inf[s
    FW         50000   8.642497e+05   8.642489e+05   7.763378e-01   1.679012e+00   2.977943e+04[s
    FW        100000   8.642491e+05   8.642487e+05   3.812297e-01   3.261623e+00   3.065959e+04[s
    FW        150000   8.642489e+05   8.642487e+05   2.585810e-01   4.902401e+00   3.059725e+04[s
    FW        200000   8.642488e+05   8.642486e+05   1.852160e-01   6.666424e+00   3.000109e+04[s
    FW        250000   8.642488e+05   8.642486e+05   1.536796e-01   8.469871e+00   2.951639e+04[s
    FW        300000   8.642487e+05   8.642486e+05   1.307965e-01   1.030052e+01   2.912476e+04[s
    FW        350000   8.642487e+05   8.642486e+05   1.110573e-01   1.214677e+01   2.881425e+04[s
    FW        400000   8.642487e+05   8.642486e+05   9.928522e-02   1.400374e+01   2.856379e+04[s
    FW        450000   8.642487e+05   8.642486e+05   8.589721e-02   1.598104e+01   2.815837e+04[s
    FW        500000   8.642486e+05   8.642486e+05   7.913270e-02   1.808937e+01   2.764054e+04[s
  Last        500001   8.642486e+05   8.642486e+05   7.781887e-02   1.828348e+01   2.734715e+04
-------------------------------------------------------------------------------------------------[s

 ----------> Block-coordinate BPCG
---------------------------------------------------------

Block coordinate Frank-Wolfe (BCFW).
MEMORY_MODE: FrankWolfe.InplaceEmphasis() STEPSIZE: DataType[FrankWolfe.Shortstep{Int64}, FrankWolfe.Shortstep{Int64}] EPSILON: 1.0e-9 MAXITERATION: 500000 TYPE: Float64
MOMENTUM: nothing GRADIENTTYPE: FrankWolfe.BlockVector{Float64, Vector{Float64}, Tuple{Int64}} UPDATE_ORDER: FrankWolfe.CyclicUpdate() UPDATE_STEP: DataType[FrankWolfe.BPCGStep, FrankWolfe.BPCGStep]

-------------------------------------------------------------------------------------------------
  Type     Iteration         Primal           Dual       Dual Gap           Time         It/sec
-------------------------------------------------------------------------------------------------[s
     I             1   8.800398e+05   8.478950e+05   3.214478e+04   0.000000e+00            Inf[s
  Last          1027   8.642485e+05   8.642485e+05   6.984919e-10   5.789754e-01   1.773823e+03
-------------------------------------------------------------------------------------------------[s

 ----------> Block-coordinate BPCG over FULL product (i.e., BC with full BPCG updates)

Block coordinate Frank-Wolfe (BCFW).
MEMORY_MODE: FrankWolfe.InplaceEmphasis() STEPSIZE: DataType[FrankWolfe.Shortstep{Int64}, FrankWolfe.Shortstep{Int64}] EPSILON: 1.0e-9 MAXITERATION: 500000 TYPE: Float64
MOMENTUM: nothing GRADIENTTYPE: FrankWolfe.BlockVector{Float64, Vector{Float64}, Tuple{Int64}} UPDATE_ORDER: FrankWolfe.FullUpdate() UPDATE_STEP: DataType[FrankWolfe.BPCGStep, FrankWolfe.BPCGStep]

-------------------------------------------------------------------------------------------------
  Type     Iteration         Primal           Dual       Dual Gap           Time         It/sec
-------------------------------------------------------------------------------------------------[s
     I             1   8.793779e+05   8.447808e+05   3.459710e+04   0.000000e+00            Inf[s
  Last          1022   8.642485e+05   8.642485e+05   8.149073e-10   8.935736e-02   1.143722e+04
-------------------------------------------------------------------------------------------------[s

 ----------> BPCG over full product LMO

Blended Pairwise Conditional Gradient Algorithm.
MEMORY_MODE: FrankWolfe.InplaceEmphasis() STEPSIZE: Shortstep EPSILON: 1.0e-9 MAXITERATION: 500000 TYPE: Float64
GRADIENTTYPE: FrankWolfe.BlockVector{Float64, Vector{Float64}, Tuple{Int64}} LAZY: false lazy_tolerance: 2.0
LMO: FrankWolfe.ProductLMO{2, Tuple{FrankWolfe.ProbabilitySimplexOracle{Float64}, FrankWolfe.ScaledBoundLInfNormBall{Float64, 1, Vector{Float64}, Vector{Float64}}}}

----------------------------------------------------------------------------------------------------------------
  Type     Iteration         Primal           Dual       Dual Gap           Time         It/sec     #ActiveSet
----------------------------------------------------------------------------------------------------------------[s
     I             1   8.997146e+05   8.651175e+05   3.459710e+04   0.000000e+00            Inf              1[s
  Last          1011   8.642485e+05   8.642485e+05   1.047738e-09   4.254783e-01   2.376149e+03             52
----------------------------------------------------------------------------------------------------------------[s
    PP          1011   8.642485e+05   8.642485e+05   1.047738e-09   5.195572e-01   1.945888e+03             52
----------------------------------------------------------------------------------------------------------------[s



---------------------------------------------------------
---------------------------------------------------------
LMOs: DataType[FrankWolfe.ProbabilitySimplexOracle{Float64}, FrankWolfe.ScaledBoundL1NormBall{Float64, 1, Vector{Float64}, Vector{Float64}}]
---------------------------------------------------------
---------------------------------------------------------

 ----------> Block-coordinate vanilla FW
---------------------------------------------------------

Block coordinate Frank-Wolfe (BCFW).
MEMORY_MODE: FrankWolfe.InplaceEmphasis() STEPSIZE: DataType[FrankWolfe.Shortstep{Int64}, FrankWolfe.Shortstep{Int64}] EPSILON: 1.0e-9 MAXITERATION: 500000 TYPE: Float64
MOMENTUM: nothing GRADIENTTYPE: FrankWolfe.BlockVector{Float64, Vector{Float64}, Tuple{Int64}} UPDATE_ORDER: FrankWolfe.CyclicUpdate() UPDATE_STEP: DataType[FrankWolfe.FrankWolfeStep, FrankWolfe.FrankWolfeStep]

-------------------------------------------------------------------------------------------------
  Type     Iteration         Primal           Dual       Dual Gap           Time         It/sec
-------------------------------------------------------------------------------------------------[s
     I             1   5.714318e+08   5.679432e+08   3.488564e+06   0.000000e+00            Inf[s
    FW         50000   5.678848e+08   5.678847e+08   1.129158e+02   1.726982e+00   2.895224e+04[s
    FW        100000   5.678848e+08   5.678847e+08   5.778998e+01   3.355436e+00   2.980239e+04[s
    FW        150000   5.678847e+08   5.678847e+08   3.506124e+01   5.022138e+00   2.986776e+04[s
    FW        200000   5.678847e+08   5.678847e+08   2.779556e+01   6.776120e+00   2.951542e+04[s
    FW        250000   5.678847e+08   5.678847e+08   2.130381e+01   8.523601e+00   2.933033e+04[s
    FW        300000   5.678847e+08   5.678847e+08   1.899450e+01   1.039302e+01   2.886553e+04[s
    FW        350000   5.678847e+08   5.678847e+08   1.506719e+01   1.234905e+01   2.834227e+04[s
    FW        400000   5.678847e+08   5.678847e+08   1.388627e+01   1.433605e+01   2.790169e+04[s
    FW        450000   5.678847e+08   5.678847e+08   1.215863e+01   1.636963e+01   2.748993e+04[s
    FW        500000   5.678847e+08   5.678847e+08   1.068912e+01   1.855190e+01   2.695142e+04[s
  Last        500001   5.678847e+08   5.678847e+08   1.082361e+01   1.868698e+01   2.675665e+04
-------------------------------------------------------------------------------------------------[s

 ----------> Block-coordinate BPCG
---------------------------------------------------------

Block coordinate Frank-Wolfe (BCFW).
MEMORY_MODE: FrankWolfe.InplaceEmphasis() STEPSIZE: DataType[FrankWolfe.Shortstep{Int64}, FrankWolfe.Shortstep{Int64}] EPSILON: 1.0e-9 MAXITERATION: 500000 TYPE: Float64
MOMENTUM: nothing GRADIENTTYPE: FrankWolfe.BlockVector{Float64, Vector{Float64}, Tuple{Int64}} UPDATE_ORDER: FrankWolfe.CyclicUpdate() UPDATE_STEP: DataType[FrankWolfe.BPCGStep, FrankWolfe.BPCGStep]

-------------------------------------------------------------------------------------------------
  Type     Iteration         Primal           Dual       Dual Gap           Time         It/sec
-------------------------------------------------------------------------------------------------[s
     I             1   5.714318e+08   5.679432e+08   3.488564e+06   0.000000e+00            Inf[s
  Last           459   5.678847e+08   5.678847e+08   2.384186e-07   2.253658e-01   2.036689e+03
-------------------------------------------------------------------------------------------------[s

 ----------> Block-coordinate BPCG over FULL product (i.e., BC with full BPCG updates)

Block coordinate Frank-Wolfe (BCFW).
MEMORY_MODE: FrankWolfe.InplaceEmphasis() STEPSIZE: DataType[FrankWolfe.Shortstep{Int64}, FrankWolfe.Shortstep{Int64}] EPSILON: 1.0e-9 MAXITERATION: 500000 TYPE: Float64
MOMENTUM: nothing GRADIENTTYPE: FrankWolfe.BlockVector{Float64, Vector{Float64}, Tuple{Int64}} UPDATE_ORDER: FrankWolfe.FullUpdate() UPDATE_STEP: DataType[FrankWolfe.BPCGStep, FrankWolfe.BPCGStep]

-------------------------------------------------------------------------------------------------
  Type     Iteration         Primal           Dual       Dual Gap           Time         It/sec
-------------------------------------------------------------------------------------------------[s
     I             1   5.717109e+08   5.682619e+08   3.449047e+06   0.000000e+00            Inf[s
  Last           421   5.678847e+08   5.678847e+08   1.192093e-07   1.045222e-02   4.027854e+04
-------------------------------------------------------------------------------------------------[s

 ----------> BPCG over full product LMO

Blended Pairwise Conditional Gradient Algorithm.
MEMORY_MODE: FrankWolfe.InplaceEmphasis() STEPSIZE: Shortstep EPSILON: 1.0e-9 MAXITERATION: 500000 TYPE: Float64
GRADIENTTYPE: FrankWolfe.BlockVector{Float64, Vector{Float64}, Tuple{Int64}} LAZY: false lazy_tolerance: 2.0
LMO: FrankWolfe.ProductLMO{2, Tuple{FrankWolfe.ProbabilitySimplexOracle{Float64}, FrankWolfe.ScaledBoundL1NormBall{Float64, 1, Vector{Float64}, Vector{Float64}}}}

----------------------------------------------------------------------------------------------------------------
  Type     Iteration         Primal           Dual       Dual Gap           Time         It/sec     #ActiveSet
----------------------------------------------------------------------------------------------------------------[s
     I             1   5.744168e+08   5.709678e+08   3.449047e+06   0.000000e+00            Inf              1[s
     P         50000   5.678847e+08   5.678847e+08   3.576279e-07   9.646487e+00   5.183234e+03             36[s
     P        100000   5.678847e+08   5.678847e+08   2.384186e-07   1.929652e+01   5.182281e+03             36[s
     P        150000   5.678847e+08   5.678847e+08   2.384186e-07   2.925492e+01   5.127342e+03             36[s
     P        200000   5.678847e+08   5.678847e+08   2.384186e-07   3.921429e+01   5.100181e+03             36[s
     P        250000   5.678847e+08   5.678847e+08   2.384186e-07   4.930697e+01   5.070278e+03             36[s
     P        300000   5.678847e+08   5.678847e+08   2.384186e-07   5.955437e+01   5.037413e+03             36[s
     P        350000   5.678847e+08   5.678847e+08   2.384186e-07   6.972139e+01   5.019981e+03             36[s
     P        400000   5.678847e+08   5.678847e+08   2.384186e-07   8.021585e+01   4.986546e+03             36[s
     P        450000   5.678847e+08   5.678847e+08   2.384186e-07   9.076949e+01   4.957613e+03             36[s
     P        500000   5.678847e+08   5.678847e+08   2.384186e-07   1.013019e+02   4.935740e+03             36[s
  Last        500001   5.678847e+08   5.678847e+08   2.384186e-07   1.013033e+02   4.935682e+03             36
----------------------------------------------------------------------------------------------------------------[s
    PP        500001   5.678847e+08   5.678847e+08   2.384186e-07   1.014161e+02   4.930195e+03             36
----------------------------------------------------------------------------------------------------------------[s



---------------------------------------------------------
---------------------------------------------------------
LMOs: DataType[FrankWolfe.ProbabilitySimplexOracle{Float64}, FrankWolfe.ScaledBoundLInfNormBall{Float64, 1, Vector{Float64}, Vector{Float64}}]
---------------------------------------------------------
---------------------------------------------------------

 ----------> Block-coordinate vanilla FW
---------------------------------------------------------

Block coordinate Frank-Wolfe (BCFW).
MEMORY_MODE: FrankWolfe.InplaceEmphasis() STEPSIZE: DataType[FrankWolfe.Shortstep{Int64}, FrankWolfe.Shortstep{Int64}] EPSILON: 1.0e-9 MAXITERATION: 500000 TYPE: Float64
MOMENTUM: nothing GRADIENTTYPE: FrankWolfe.BlockVector{Float64, Vector{Float64}, Tuple{Int64}} UPDATE_ORDER: FrankWolfe.CyclicUpdate() UPDATE_STEP: DataType[FrankWolfe.FrankWolfeStep, FrankWolfe.FrankWolfeStep]

-------------------------------------------------------------------------------------------------
  Type     Iteration         Primal           Dual       Dual Gap           Time         It/sec
-------------------------------------------------------------------------------------------------[s
     I             1   8.802731e+05   8.769589e+05   3.314169e+03   0.000000e+00            Inf[s
    FW         50000   8.783217e+05   8.783216e+05   4.908871e-02   1.628756e+00   3.069827e+04[s
    FW        100000   8.783216e+05   8.783216e+05   2.314278e-02   3.238272e+00   3.088066e+04[s
    FW        150000   8.783216e+05   8.783216e+05   1.602304e-02   4.979661e+00   3.012253e+04[s
    FW        200000   8.783216e+05   8.783216e+05   1.220445e-02   6.803344e+00   2.939731e+04[s
    FW        250000   8.783216e+05   8.783216e+05   9.598574e-03   8.685329e+00   2.878417e+04[s
    FW        300000   8.783216e+05   8.783216e+05   7.644507e-03   1.063254e+01   2.821528e+04[s
    FW        350000   8.783216e+05   8.783216e+05   6.663861e-03   1.260096e+01   2.777566e+04[s
    FW        400000   8.783216e+05   8.783216e+05   6.058289e-03   1.507217e+01   2.653898e+04[s
    FW        450000   8.783216e+05   8.783216e+05   5.029962e-03   1.727480e+01   2.604951e+04[s
    FW        500000   8.783216e+05   8.783216e+05   4.711303e-03   1.943202e+01   2.573073e+04[s
  Last        500001   8.783216e+05   8.783216e+05   4.629470e-03   1.943302e+01   2.572945e+04
-------------------------------------------------------------------------------------------------[s

 ----------> Block-coordinate BPCG
---------------------------------------------------------

Block coordinate Frank-Wolfe (BCFW).
MEMORY_MODE: FrankWolfe.InplaceEmphasis() STEPSIZE: DataType[FrankWolfe.Shortstep{Int64}, FrankWolfe.Shortstep{Int64}] EPSILON: 1.0e-9 MAXITERATION: 500000 TYPE: Float64
MOMENTUM: nothing GRADIENTTYPE: FrankWolfe.BlockVector{Float64, Vector{Float64}, Tuple{Int64}} UPDATE_ORDER: FrankWolfe.CyclicUpdate() UPDATE_STEP: DataType[FrankWolfe.BPCGStep, FrankWolfe.BPCGStep]

-------------------------------------------------------------------------------------------------
  Type     Iteration         Primal           Dual       Dual Gap           Time         It/sec
-------------------------------------------------------------------------------------------------[s
     I             1   8.802731e+05   8.769589e+05   3.314169e+03   0.000000e+00            Inf[s
  Last           451   8.783216e+05   8.783216e+05   1.047738e-09   2.171853e-02   2.076568e+04
-------------------------------------------------------------------------------------------------[s

 ----------> Block-coordinate BPCG over FULL product (i.e., BC with full BPCG updates)

Block coordinate Frank-Wolfe (BCFW).
MEMORY_MODE: FrankWolfe.InplaceEmphasis() STEPSIZE: DataType[FrankWolfe.Shortstep{Int64}, FrankWolfe.Shortstep{Int64}] EPSILON: 1.0e-9 MAXITERATION: 500000 TYPE: Float64
MOMENTUM: nothing GRADIENTTYPE: FrankWolfe.BlockVector{Float64, Vector{Float64}, Tuple{Int64}} UPDATE_ORDER: FrankWolfe.FullUpdate() UPDATE_STEP: DataType[FrankWolfe.BPCGStep, FrankWolfe.BPCGStep]

-------------------------------------------------------------------------------------------------
  Type     Iteration         Primal           Dual       Dual Gap           Time         It/sec
-------------------------------------------------------------------------------------------------[s
     I             1   8.804144e+05   8.759671e+05   4.447352e+03   0.000000e+00            Inf[s
  Last           454   8.783216e+05   8.783216e+05   6.984919e-10   1.937057e-02   2.343762e+04
-------------------------------------------------------------------------------------------------[s

 ----------> BPCG over full product LMO

Blended Pairwise Conditional Gradient Algorithm.
MEMORY_MODE: FrankWolfe.InplaceEmphasis() STEPSIZE: Shortstep EPSILON: 1.0e-9 MAXITERATION: 500000 TYPE: Float64
GRADIENTTYPE: FrankWolfe.BlockVector{Float64, Vector{Float64}, Tuple{Int64}} LAZY: false lazy_tolerance: 2.0
LMO: FrankWolfe.ProductLMO{2, Tuple{FrankWolfe.ProbabilitySimplexOracle{Float64}, FrankWolfe.ScaledBoundLInfNormBall{Float64, 1, Vector{Float64}, Vector{Float64}}}}

----------------------------------------------------------------------------------------------------------------
  Type     Iteration         Primal           Dual       Dual Gap           Time         It/sec     #ActiveSet
----------------------------------------------------------------------------------------------------------------[s
     I             1   8.835682e+05   8.791208e+05   4.447352e+03   0.000000e+00            Inf              1[s
  Last           458   8.783216e+05   8.783216e+05   9.313226e-10   1.042063e-01   4.395130e+03             25
----------------------------------------------------------------------------------------------------------------[s
    PP           458   8.783216e+05   8.783216e+05   9.313226e-10   1.050997e-01   4.357765e+03             25
----------------------------------------------------------------------------------------------------------------[s



---------------------------------------------------------
---------------------------------------------------------
LMOs: DataType[FrankWolfe.ProbabilitySimplexOracle{Float64}, FrankWolfe.ScaledBoundL1NormBall{Float64, 1, Vector{Float64}, Vector{Float64}}]
---------------------------------------------------------
---------------------------------------------------------

 ----------> Block-coordinate vanilla FW
---------------------------------------------------------

Block coordinate Frank-Wolfe (BCFW).
MEMORY_MODE: FrankWolfe.InplaceEmphasis() STEPSIZE: DataType[FrankWolfe.Shortstep{Int64}, FrankWolfe.Shortstep{Int64}] EPSILON: 1.0e-9 MAXITERATION: 500000 TYPE: Float64
MOMENTUM: nothing GRADIENTTYPE: FrankWolfe.BlockVector{Float64, Vector{Float64}, Tuple{Int64}} UPDATE_ORDER: FrankWolfe.CyclicUpdate() UPDATE_STEP: DataType[FrankWolfe.FrankWolfeStep, FrankWolfe.FrankWolfeStep]

-------------------------------------------------------------------------------------------------
  Type     Iteration         Primal           Dual       Dual Gap           Time         It/sec
-------------------------------------------------------------------------------------------------[s
     I             1   5.717952e+08   5.684514e+08   3.343800e+06   0.000000e+00            Inf[s
    FW         50000   5.682496e+08   5.682495e+08   1.085013e+02   1.659494e+00   3.012966e+04[s
    FW        100000   5.682495e+08   5.682495e+08   5.474093e+01   3.335956e+00   2.997642e+04[s
    FW        150000   5.682495e+08   5.682495e+08   3.929380e+01   5.110991e+00   2.934851e+04[s
    FW        200000   5.682495e+08   5.682495e+08   2.723278e+01   6.935699e+00   2.883631e+04[s
    FW        250000   5.682495e+08   5.682495e+08   2.233228e+01   8.803857e+00   2.839664e+04[s
    FW        300000   5.682495e+08   5.682495e+08   1.816468e+01   1.071557e+01   2.799664e+04[s
    FW        350000   5.682495e+08   5.682495e+08   1.619931e+01   1.270488e+01   2.754846e+04[s
    FW        400000   5.682495e+08   5.682495e+08   1.371202e+01   1.478887e+01   2.704737e+04[s
    FW        450000   5.682495e+08   5.682495e+08   1.144840e+01   1.686699e+01   2.667933e+04[s
    FW        500000   5.682495e+08   5.682495e+08   1.038533e+01   1.904422e+01   2.625468e+04[s
  Last        500001   5.682495e+08   5.682495e+08   1.082875e+01   1.904525e+01   2.625332e+04
-------------------------------------------------------------------------------------------------[s

 ----------> Block-coordinate BPCG
---------------------------------------------------------

Block coordinate Frank-Wolfe (BCFW).
MEMORY_MODE: FrankWolfe.InplaceEmphasis() STEPSIZE: DataType[FrankWolfe.Shortstep{Int64}, FrankWolfe.Shortstep{Int64}] EPSILON: 1.0e-9 MAXITERATION: 500000 TYPE: Float64
MOMENTUM: nothing GRADIENTTYPE: FrankWolfe.BlockVector{Float64, Vector{Float64}, Tuple{Int64}} UPDATE_ORDER: FrankWolfe.CyclicUpdate() UPDATE_STEP: DataType[FrankWolfe.BPCGStep, FrankWolfe.BPCGStep]

-------------------------------------------------------------------------------------------------
  Type     Iteration         Primal           Dual       Dual Gap           Time         It/sec
-------------------------------------------------------------------------------------------------[s
     I             1   5.717952e+08   5.684514e+08   3.343800e+06   0.000000e+00            Inf[s
  Last           635   5.682495e+08   5.682495e+08   0.000000e+00   2.709165e-02   2.343896e+04
-------------------------------------------------------------------------------------------------[s

 ----------> Block-coordinate BPCG over FULL product (i.e., BC with full BPCG updates)

Block coordinate Frank-Wolfe (BCFW).
MEMORY_MODE: FrankWolfe.InplaceEmphasis() STEPSIZE: DataType[FrankWolfe.Shortstep{Int64}, FrankWolfe.Shortstep{Int64}] EPSILON: 1.0e-9 MAXITERATION: 500000 TYPE: Float64
MOMENTUM: nothing GRADIENTTYPE: FrankWolfe.BlockVector{Float64, Vector{Float64}, Tuple{Int64}} UPDATE_ORDER: FrankWolfe.FullUpdate() UPDATE_STEP: DataType[FrankWolfe.BPCGStep, FrankWolfe.BPCGStep]

-------------------------------------------------------------------------------------------------
  Type     Iteration         Primal           Dual       Dual Gap           Time         It/sec
-------------------------------------------------------------------------------------------------[s
     I             1   5.718638e+08   5.685277e+08   3.336176e+06   0.000000e+00            Inf[s
     P         50000   5.682495e+08   5.682495e+08   2.384113e-07   1.454655e+00   3.437241e+04[s
     P        100000   5.682495e+08   5.682495e+08   2.384113e-07   2.874105e+00   3.479344e+04[s
     P        150000   5.682495e+08   5.682495e+08   2.384113e-07   4.377807e+00   3.426373e+04[s
     P        200000   5.682495e+08   5.682495e+08   2.384113e-07   5.870898e+00   3.406634e+04[s
     P        250000   5.682495e+08   5.682495e+08   2.384113e-07   7.331941e+00   3.409738e+04[s
     P        300000   5.682495e+08   5.682495e+08   2.384113e-07   8.911103e+00   3.366587e+04[s
     P        350000   5.682495e+08   5.682495e+08   2.384113e-07   1.052642e+01   3.324967e+04[s
     P        400000   5.682495e+08   5.682495e+08   2.384113e-07   1.219526e+01   3.279964e+04[s
     P        450000   5.682495e+08   5.682495e+08   2.384113e-07   1.386531e+01   3.245511e+04[s
     P        500000   5.682495e+08   5.682495e+08   2.384113e-07   1.558422e+01   3.208373e+04[s
  Last        500001   5.682495e+08   5.682495e+08   2.384186e-07   1.558543e+01   3.208132e+04
-------------------------------------------------------------------------------------------------[s

 ----------> BPCG over full product LMO

Blended Pairwise Conditional Gradient Algorithm.
MEMORY_MODE: FrankWolfe.InplaceEmphasis() STEPSIZE: Shortstep EPSILON: 1.0e-9 MAXITERATION: 500000 TYPE: Float64
GRADIENTTYPE: FrankWolfe.BlockVector{Float64, Vector{Float64}, Tuple{Int64}} LAZY: false lazy_tolerance: 2.0
LMO: FrankWolfe.ProductLMO{2, Tuple{FrankWolfe.ProbabilitySimplexOracle{Float64}, FrankWolfe.ScaledBoundL1NormBall{Float64, 1, Vector{Float64}, Vector{Float64}}}}

----------------------------------------------------------------------------------------------------------------
  Type     Iteration         Primal           Dual       Dual Gap           Time         It/sec     #ActiveSet
----------------------------------------------------------------------------------------------------------------[s
     I             1   5.745282e+08   5.711921e+08   3.336176e+06   0.000000e+00            Inf              1[s
     P         50000   5.682495e+08   5.682495e+08   1.302940e+00   9.911639e+00   5.044574e+03             27[s
     P        100000   5.682495e+08   5.682495e+08   1.875846e-01   1.996275e+01   5.009330e+03             27[s
     P        150000   5.682495e+08   5.682495e+08   2.668524e-02   3.003460e+01   4.994240e+03             27[s
     P        200000   5.682495e+08   5.682495e+08   3.832936e-03   4.012052e+01   4.984980e+03             27[s
     P        250000   5.682495e+08   5.682495e+08   5.327463e-04   5.046844e+01   4.953590e+03             27[s
     P        300000   5.682495e+08   5.682495e+08   7.784367e-05   6.071450e+01   4.941159e+03             27[s
     P        350000   5.682495e+08   5.682495e+08   1.156330e-05   7.081801e+01   4.942245e+03             27[s
     P        400000   5.682495e+08   5.682495e+08   1.788139e-06   8.107245e+01   4.933859e+03             27[s
  Last        446001   5.682495e+08   5.682495e+08  -1.192093e-07   9.048387e+01   4.929066e+03             32
----------------------------------------------------------------------------------------------------------------[s
    PP        446001   5.682495e+08   5.682495e+08  -1.192093e-07   9.048522e+01   4.928993e+03             30
----------------------------------------------------------------------------------------------------------------[s



---------------------------------------------------------
---------------------------------------------------------
LMOs: DataType[FrankWolfe.ScaledBoundLInfNormBall{Float64, 1, Vector{Float64}, Vector{Float64}}, FrankWolfe.ScaledBoundL1NormBall{Float64, 1, Vector{Float64}, Vector{Float64}}]
---------------------------------------------------------
---------------------------------------------------------

 ----------> Block-coordinate vanilla FW
---------------------------------------------------------

Block coordinate Frank-Wolfe (BCFW).
MEMORY_MODE: FrankWolfe.InplaceEmphasis() STEPSIZE: DataType[FrankWolfe.Shortstep{Int64}, FrankWolfe.Shortstep{Int64}] EPSILON: 1.0e-9 MAXITERATION: 500000 TYPE: Float64
MOMENTUM: nothing GRADIENTTYPE: FrankWolfe.BlockVector{Float64, Vector{Float64}, Tuple{Int64}} UPDATE_ORDER: FrankWolfe.CyclicUpdate() UPDATE_STEP: DataType[FrankWolfe.FrankWolfeStep, FrankWolfe.FrankWolfeStep]

-------------------------------------------------------------------------------------------------
  Type     Iteration         Primal           Dual       Dual Gap           Time         It/sec
-------------------------------------------------------------------------------------------------[s
     I             1   3.696642e+08   2.804237e+08   8.924052e+07   0.000000e+00            Inf[s
    FW         50000   3.664288e+08   3.664287e+08   1.101487e+02   1.714456e+00   2.916377e+04[s
    FW        100000   3.664287e+08   3.664287e+08   5.404753e+01   3.319330e+00   3.012656e+04[s
    FW        150000   3.664287e+08   3.664286e+08   3.732343e+01   4.987642e+00   3.007433e+04[s
    FW        200000   3.664287e+08   3.664286e+08   2.717383e+01   6.778582e+00   2.950470e+04[s
    FW        250000   3.664287e+08   3.664286e+08   2.327392e+01   8.610694e+00   2.903367e+04[s
    FW        300000   3.664287e+08   3.664286e+08   1.876211e+01   1.047977e+01   2.862659e+04[s
    FW        350000   3.664286e+08   3.664286e+08   1.572438e+01   1.240273e+01   2.821959e+04[s
    FW        400000   3.664286e+08   3.664286e+08   1.426791e+01   1.442725e+01   2.772531e+04[s
    FW        450000   3.664286e+08   3.664286e+08   1.270659e+01   1.652435e+01   2.723254e+04[s
    FW        500000   3.664286e+08   3.664286e+08   1.121496e+01   1.861159e+01   2.686498e+04[s
  Last        500001   3.664286e+08   3.664286e+08   1.136376e+01   1.865190e+01   2.680698e+04
-------------------------------------------------------------------------------------------------[s

 ----------> Block-coordinate BPCG
---------------------------------------------------------

Block coordinate Frank-Wolfe (BCFW).
MEMORY_MODE: FrankWolfe.InplaceEmphasis() STEPSIZE: DataType[FrankWolfe.Shortstep{Int64}, FrankWolfe.Shortstep{Int64}] EPSILON: 1.0e-9 MAXITERATION: 500000 TYPE: Float64
MOMENTUM: nothing GRADIENTTYPE: FrankWolfe.BlockVector{Float64, Vector{Float64}, Tuple{Int64}} UPDATE_ORDER: FrankWolfe.CyclicUpdate() UPDATE_STEP: DataType[FrankWolfe.BPCGStep, FrankWolfe.BPCGStep]

-------------------------------------------------------------------------------------------------
  Type     Iteration         Primal           Dual       Dual Gap           Time         It/sec
-------------------------------------------------------------------------------------------------[s
     I             1   3.696642e+08   2.804237e+08   8.924052e+07   0.000000e+00            Inf[s
  Last           582   3.664286e+08   3.664286e+08   0.000000e+00   1.718614e-01   3.386450e+03
-------------------------------------------------------------------------------------------------[s

 ----------> Block-coordinate BPCG over FULL product (i.e., BC with full BPCG updates)

Block coordinate Frank-Wolfe (BCFW).
MEMORY_MODE: FrankWolfe.InplaceEmphasis() STEPSIZE: DataType[FrankWolfe.Shortstep{Int64}, FrankWolfe.Shortstep{Int64}] EPSILON: 1.0e-9 MAXITERATION: 500000 TYPE: Float64
MOMENTUM: nothing GRADIENTTYPE: FrankWolfe.BlockVector{Float64, Vector{Float64}, Tuple{Int64}} UPDATE_ORDER: FrankWolfe.FullUpdate() UPDATE_STEP: DataType[FrankWolfe.BPCGStep, FrankWolfe.BPCGStep]

-------------------------------------------------------------------------------------------------
  Type     Iteration         Primal           Dual       Dual Gap           Time         It/sec
-------------------------------------------------------------------------------------------------[s
     I             1   3.694665e+08   2.797220e+08   8.974455e+07   0.000000e+00            Inf[s
  Last           586   3.664286e+08   3.664286e+08   0.000000e+00   2.912730e-02   2.011858e+04
-------------------------------------------------------------------------------------------------[s

 ----------> BPCG over full product LMO

Blended Pairwise Conditional Gradient Algorithm.
MEMORY_MODE: FrankWolfe.InplaceEmphasis() STEPSIZE: Shortstep EPSILON: 1.0e-9 MAXITERATION: 500000 TYPE: Float64
GRADIENTTYPE: FrankWolfe.BlockVector{Float64, Vector{Float64}, Tuple{Int64}} LAZY: false lazy_tolerance: 2.0
LMO: FrankWolfe.ProductLMO{2, Tuple{FrankWolfe.ScaledBoundLInfNormBall{Float64, 1, Vector{Float64}, Vector{Float64}}, FrankWolfe.ScaledBoundL1NormBall{Float64, 1, Vector{Float64}, Vector{Float64}}}}

----------------------------------------------------------------------------------------------------------------
  Type     Iteration         Primal           Dual       Dual Gap           Time         It/sec     #ActiveSet
----------------------------------------------------------------------------------------------------------------[s
     I             1   5.304037e+08   4.406592e+08   8.974455e+07   0.000000e+00            Inf              1[s
  Last           564   3.664286e+08   3.664286e+08   1.192093e-07   1.927564e-01   2.925973e+03             27
----------------------------------------------------------------------------------------------------------------[s
    PP           564   3.664286e+08   3.664286e+08   1.192093e-07   2.961275e-01   1.904585e+03             27
----------------------------------------------------------------------------------------------------------------[s
[ Info: In memory_mode memory iterates are written back into x0!
[ Info: In memory_mode memory iterates are written back into x0!
[ Info: In memory_mode memory iterates are written back into x0!
[ Info: In memory_mode memory iterates are written back into x0!
[ Info: In memory_mode memory iterates are written back into x0!
[ Info: In memory_mode memory iterates are written back into x0!
[ Info: In memory_mode memory iterates are written back into x0!
[ Info: In memory_mode memory iterates are written back into x0!
[ Info: In memory_mode memory iterates are written back into x0!
[ Info: In memory_mode memory iterates are written back into x0!
[ Info: In memory_mode memory iterates are written back into x0!
[ Info: In memory_mode memory iterates are written back into x0!
[ Info: In memory_mode memory iterates are written back into x0!
[ Info: In memory_mode memory iterates are written back into x0!
[ Info: In memory_mode memory iterates are written back into x0!
[ Info: In memory_mode memory iterates are written back into x0!
[ Info: In memory_mode memory iterates are written back into x0!
[ Info: In memory_mode memory iterates are written back into x0!
