k: 5, n: 50, target_tolerance: 1.0e-9, max_iterations: 1000000, seed: 42



---------------------------------------------------------
---------------------------------------------------------
LMOs: DataType[FrankWolfe.ProbabilitySimplexOracle{Float64}, FrankWolfe.ProbabilitySimplexOracle{Float64}, FrankWolfe.ScaledBoundLInfNormBall{Float64, 1, Vector{Float64}, Vector{Float64}}, FrankWolfe.ScaledBoundLInfNormBall{Float64, 1, Vector{Float64}, Vector{Float64}}, FrankWolfe.ScaledBoundL1NormBall{Float64, 1, Vector{Float64}, Vector{Float64}}]
---------------------------------------------------------
---------------------------------------------------------



 ----------> Cyclic Block-coordinate vanilla FW

Block coordinate Frank-Wolfe (BCFW).
MEMORY_MODE: FrankWolfe.InplaceEmphasis() STEPSIZE: DataType[FrankWolfe.Shortstep{Int64}, FrankWolfe.Shortstep{Int64}, FrankWolfe.Shortstep{Int64}, FrankWolfe.Shortstep{Int64}, FrankWolfe.Shortstep{Int64}] EPSILON: 1.0e-9 MAXITERATION: 1000000 TYPE: Float64
MOMENTUM: nothing GRADIENTTYPE: FrankWolfe.BlockVector{Float64, Vector{Float64}, Tuple{Int64}} UPDATE_ORDER: FrankWolfe.CyclicUpdate() UPDATE_STEP: DataType[FrankWolfe.FrankWolfeStep, FrankWolfe.FrankWolfeStep, FrankWolfe.FrankWolfeStep, FrankWolfe.FrankWolfeStep, FrankWolfe.FrankWolfeStep]

-------------------------------------------------------------------------------------------------
  Type     Iteration         Primal           Dual       Dual Gap           Time         It/sec
-------------------------------------------------------------------------------------------------[s
     I             1   1.924755e+08   1.724877e+08   1.998777e+07   0.000000e+00            Inf[s
    FW        100000   1.830890e+08   1.830576e+08   3.141115e+04   5.131126e+00   1.948890e+04[s
    FW        200000   1.830890e+08   1.830457e+08   4.326156e+04   8.823301e+00   2.266725e+04[s
    FW        300000   1.830889e+08   1.830237e+08   6.526826e+04   1.269227e+01   2.363644e+04[s
    FW        400000   1.830889e+08   1.830565e+08   3.239946e+04   1.683142e+01   2.376508e+04[s
    FW        500000   1.830889e+08   1.830402e+08   4.871748e+04   2.118099e+01   2.360607e+04[s
    FW        600000   1.830889e+08   1.830659e+08   2.299446e+04   2.573717e+01   2.331259e+04[s
    FW        700000   1.830889e+08   1.830534e+08   3.544666e+04   3.053122e+01   2.292735e+04[s
    FW        800000   1.830889e+08   1.830371e+08   5.172028e+04   3.549749e+01   2.253680e+04[s
    FW        900000   1.830889e+08   1.830496e+08   3.923066e+04   4.024926e+01   2.236066e+04[s
    FW       1000000   1.830889e+08   1.830614e+08   2.743031e+04   4.454367e+01   2.244988e+04[s
  Last       1000001   1.830889e+08   1.830528e+08   3.610866e+04   4.477102e+01   2.233590e+04
-------------------------------------------------------------------------------------------------[s



 ----------> Cyclic Block-coordinate BPCG

Block coordinate Frank-Wolfe (BCFW).
MEMORY_MODE: FrankWolfe.InplaceEmphasis() STEPSIZE: DataType[FrankWolfe.Shortstep{Int64}, FrankWolfe.Shortstep{Int64}, FrankWolfe.Shortstep{Int64}, FrankWolfe.Shortstep{Int64}, FrankWolfe.Shortstep{Int64}] EPSILON: 1.0e-9 MAXITERATION: 1000000 TYPE: Float64
MOMENTUM: nothing GRADIENTTYPE: FrankWolfe.BlockVector{Float64, Vector{Float64}, Tuple{Int64}} UPDATE_ORDER: FrankWolfe.CyclicUpdate() UPDATE_STEP: DataType[FrankWolfe.BPCGStep, FrankWolfe.BPCGStep, FrankWolfe.BPCGStep, FrankWolfe.BPCGStep, FrankWolfe.BPCGStep]

-------------------------------------------------------------------------------------------------
  Type     Iteration         Primal           Dual       Dual Gap           Time         It/sec
-------------------------------------------------------------------------------------------------[s
     I             1   1.924755e+08   1.724877e+08   1.998777e+07   0.000000e+00            Inf[s
     P        100000   1.831226e+08   1.829100e+08   2.126594e+05   4.364752e+00   2.291081e+04[s
     P        200000   1.831226e+08   1.829147e+08   2.079375e+05   7.745708e+00   2.582075e+04[s
     P        300000   1.831226e+08   1.829138e+08   2.088438e+05   1.131275e+01   2.651876e+04[s
     P        400000   1.831226e+08   1.829103e+08   2.123197e+05   1.510067e+01   2.648889e+04[s
     P        500000   1.831226e+08   1.829146e+08   2.079934e+05   1.905478e+01   2.624013e+04[s
     P        600000   1.831226e+08   1.829139e+08   2.087126e+05   2.331506e+01   2.573444e+04[s
     P        700000   1.831226e+08   1.829103e+08   2.123571e+05   2.783832e+01   2.514519e+04[s
     P        800000   1.831226e+08   1.829144e+08   2.082079e+05   3.243812e+01   2.466234e+04[s
     P        900000   1.831226e+08   1.829138e+08   2.088433e+05   3.719327e+01   2.419793e+04[s
     P       1000000   1.831226e+08   1.829099e+08   2.127054e+05   4.219833e+01   2.369762e+04[s
  Last       1000001   1.831226e+08   1.829026e+08   2.200444e+05   4.219915e+01   2.369718e+04
-------------------------------------------------------------------------------------------------[s



 ----------> Full Block-coordinate BPCG

Block coordinate Frank-Wolfe (BCFW).
MEMORY_MODE: FrankWolfe.InplaceEmphasis() STEPSIZE: DataType[FrankWolfe.Shortstep{Int64}, FrankWolfe.Shortstep{Int64}, FrankWolfe.Shortstep{Int64}, FrankWolfe.Shortstep{Int64}, FrankWolfe.Shortstep{Int64}] EPSILON: 1.0e-9 MAXITERATION: 1000000 TYPE: Float64
MOMENTUM: nothing GRADIENTTYPE: FrankWolfe.BlockVector{Float64, Vector{Float64}, Tuple{Int64}} UPDATE_ORDER: FrankWolfe.FullUpdate() UPDATE_STEP: DataType[FrankWolfe.BPCGStep, FrankWolfe.BPCGStep, FrankWolfe.BPCGStep, FrankWolfe.BPCGStep, FrankWolfe.BPCGStep]

-------------------------------------------------------------------------------------------------
  Type     Iteration         Primal           Dual       Dual Gap           Time         It/sec
-------------------------------------------------------------------------------------------------[s
     I             1   1.928766e+08   1.722845e+08   2.059209e+07   0.000000e+00            Inf[s
    FW        100000   1.930363e+08   1.799120e+08   1.312431e+07   1.894187e+00   5.279310e+04[s
    FW        200000   1.930363e+08   1.799120e+08   1.312431e+07   3.837243e+00   5.212075e+04[s
    FW        300000   1.930363e+08   1.799120e+08   1.312431e+07   5.839695e+00   5.137255e+04[s
    FW        400000   1.930363e+08   1.799120e+08   1.312431e+07   7.921596e+00   5.049488e+04[s
    FW        500000   1.930363e+08   1.799120e+08   1.312431e+07   1.010187e+01   4.949578e+04[s
    FW        600000   1.930363e+08   1.799120e+08   1.312431e+07   1.236025e+01   4.854270e+04[s
    FW        700000   1.930363e+08   1.799120e+08   1.312431e+07   1.463317e+01   4.783653e+04[s
    FW        800000   1.930363e+08   1.799120e+08   1.312431e+07   1.696536e+01   4.715490e+04[s
    FW        900000   1.930363e+08   1.799120e+08   1.312431e+07   1.940855e+01   4.637132e+04[s
    FW       1000000   1.930363e+08   1.799120e+08   1.312431e+07   2.192603e+01   4.560788e+04[s
  Last       1000001   1.928126e+08   1.796883e+08   1.312431e+07   2.192715e+01   4.560560e+04
-------------------------------------------------------------------------------------------------[s



 ----------> BPCG

Blended Pairwise Conditional Gradient Algorithm.
MEMORY_MODE: FrankWolfe.InplaceEmphasis() STEPSIZE: Shortstep EPSILON: 1.0e-9 MAXITERATION: 1000000 TYPE: Float64
GRADIENTTYPE: FrankWolfe.BlockVector{Float64, Vector{Float64}, Tuple{Int64}} LAZY: false lazy_tolerance: 2.0
LMO: FrankWolfe.ProductLMO{5, Tuple{FrankWolfe.ProbabilitySimplexOracle{Float64}, FrankWolfe.ProbabilitySimplexOracle{Float64}, FrankWolfe.ScaledBoundLInfNormBall{Float64, 1, Vector{Float64}, Vector{Float64}}, FrankWolfe.ScaledBoundLInfNormBall{Float64, 1, Vector{Float64}, Vector{Float64}}, FrankWolfe.ScaledBoundL1NormBall{Float64, 1, Vector{Float64}, Vector{Float64}}}}

----------------------------------------------------------------------------------------------------------------
  Type     Iteration         Primal           Dual       Dual Gap           Time         It/sec     #ActiveSet
----------------------------------------------------------------------------------------------------------------[s
     I             1   2.148120e+08   1.942200e+08   2.059209e+07   0.000000e+00            Inf              1[s
    FW        100000   1.928126e+08   1.796883e+08   1.312431e+07   2.418255e+00   4.135213e+04              1[s
    FW        200000   1.928126e+08   1.796883e+08   1.312431e+07   4.245995e+00   4.710322e+04              1[s
    FW        300000   1.928126e+08   1.796883e+08   1.312431e+07   5.970003e+00   5.025123e+04              1[s
    FW        400000   1.928126e+08   1.796883e+08   1.312431e+07   7.906488e+00   5.059136e+04              1[s
    FW        500000   1.928126e+08   1.796883e+08   1.312431e+07   9.591825e+00   5.212773e+04              1[s
    FW        600000   1.928126e+08   1.796883e+08   1.312431e+07   1.105762e+01   5.426124e+04              1[s
    FW        700000   1.928126e+08   1.796883e+08   1.312431e+07   1.258011e+01   5.564341e+04              1[s
    FW        800000   1.928126e+08   1.796883e+08   1.312431e+07   1.414716e+01   5.654844e+04              1[s
    FW        900000   1.928126e+08   1.796883e+08   1.312431e+07   1.577157e+01   5.706471e+04              1[s
    FW       1000000   1.928126e+08   1.796883e+08   1.312431e+07   1.750076e+01   5.714038e+04              1[s
  Last       1000001   1.928126e+08   1.796883e+08   1.312431e+07   1.750156e+01   5.713783e+04              1
----------------------------------------------------------------------------------------------------------------[s
    PP       1000001   1.928126e+08   1.796883e+08   1.312431e+07   1.758890e+01   5.685411e+04              1
----------------------------------------------------------------------------------------------------------------[s



---------------------------------------------------------
---------------------------------------------------------
LMOs: DataType[FrankWolfe.ProbabilitySimplexOracle{Float64}, FrankWolfe.ProbabilitySimplexOracle{Float64}, FrankWolfe.ScaledBoundLInfNormBall{Float64, 1, Vector{Float64}, Vector{Float64}}, FrankWolfe.ScaledBoundLInfNormBall{Float64, 1, Vector{Float64}, Vector{Float64}}, FrankWolfe.ScaledBoundL1NormBall{Float64, 1, Vector{Float64}, Vector{Float64}}]
---------------------------------------------------------
---------------------------------------------------------



 ----------> Cyclic Block-coordinate vanilla FW

Block coordinate Frank-Wolfe (BCFW).
MEMORY_MODE: FrankWolfe.InplaceEmphasis() STEPSIZE: DataType[FrankWolfe.Shortstep{Int64}, FrankWolfe.Shortstep{Int64}, FrankWolfe.Shortstep{Int64}, FrankWolfe.Shortstep{Int64}, FrankWolfe.Shortstep{Int64}] EPSILON: 1.0e-9 MAXITERATION: 1000000 TYPE: Float64
MOMENTUM: nothing GRADIENTTYPE: FrankWolfe.BlockVector{Float64, Vector{Float64}, Tuple{Int64}} UPDATE_ORDER: FrankWolfe.CyclicUpdate() UPDATE_STEP: DataType[FrankWolfe.FrankWolfeStep, FrankWolfe.FrankWolfeStep, FrankWolfe.FrankWolfeStep, FrankWolfe.FrankWolfeStep, FrankWolfe.FrankWolfeStep]

-------------------------------------------------------------------------------------------------
  Type     Iteration         Primal           Dual       Dual Gap           Time         It/sec
-------------------------------------------------------------------------------------------------[s
     I             1   3.671558e+05   2.531248e+05   1.140309e+05   0.000000e+00            Inf[s
    FW        100000   3.099489e+05   3.002030e+05   9.745879e+03   2.809253e+00   3.559665e+04[s
    FW        200000   3.099286e+05   3.001294e+05   9.799221e+03   5.827158e+00   3.432205e+04[s
    FW        300000   3.097734e+05   2.971980e+05   1.257543e+04   8.970237e+00   3.344393e+04[s
    FW        400000   3.097734e+05   2.984398e+05   1.133356e+04   1.231083e+01   3.249173e+04[s
    FW        500000   3.097734e+05   2.979566e+05   1.181681e+04   1.583033e+01   3.158494e+04[s
    FW        600000   3.097650e+05   3.008418e+05   8.923254e+03   1.954038e+01   3.070565e+04[s
    FW        700000   3.097650e+05   2.992493e+05   1.051574e+04   2.342393e+01   2.988397e+04[s
    FW        800000   3.097650e+05   2.989041e+05   1.086094e+04   2.752397e+01   2.906557e+04[s
    FW        900000   3.097650e+05   2.980149e+05   1.175016e+04   3.177770e+01   2.832175e+04[s
    FW       1000000   3.097650e+05   2.996527e+05   1.011234e+04   3.622365e+01   2.760627e+04[s
  Last       1000001   3.097650e+05   2.998913e+05   9.873712e+03   3.622477e+01   2.760544e+04
-------------------------------------------------------------------------------------------------[s



 ----------> Cyclic Block-coordinate BPCG

Block coordinate Frank-Wolfe (BCFW).
MEMORY_MODE: FrankWolfe.InplaceEmphasis() STEPSIZE: DataType[FrankWolfe.Shortstep{Int64}, FrankWolfe.Shortstep{Int64}, FrankWolfe.Shortstep{Int64}, FrankWolfe.Shortstep{Int64}, FrankWolfe.Shortstep{Int64}] EPSILON: 1.0e-9 MAXITERATION: 1000000 TYPE: Float64
MOMENTUM: nothing GRADIENTTYPE: FrankWolfe.BlockVector{Float64, Vector{Float64}, Tuple{Int64}} UPDATE_ORDER: FrankWolfe.CyclicUpdate() UPDATE_STEP: DataType[FrankWolfe.BPCGStep, FrankWolfe.BPCGStep, FrankWolfe.BPCGStep, FrankWolfe.BPCGStep, FrankWolfe.BPCGStep]

-------------------------------------------------------------------------------------------------
  Type     Iteration         Primal           Dual       Dual Gap           Time         It/sec
-------------------------------------------------------------------------------------------------[s
     I             1   3.671558e+05   2.531248e+05   1.140309e+05   0.000000e+00            Inf[s
     P        100000   3.085628e+05   2.984742e+05   1.008851e+04   3.337573e+00   2.996189e+04[s
     P        200000   3.085628e+05   2.984742e+05   1.008851e+04   6.822968e+00   2.931276e+04[s
     P        300000   3.085628e+05   2.984742e+05   1.008851e+04   1.050361e+01   2.856160e+04[s
     P        400000   3.085628e+05   2.984742e+05   1.008851e+04   1.432763e+01   2.791808e+04[s
     P        500000   3.085628e+05   2.984742e+05   1.008851e+04   1.840054e+01   2.717312e+04[s
     P        600000   3.085628e+05   2.984742e+05   1.008851e+04   2.258513e+01   2.656615e+04[s
     P        700000   3.085628e+05   2.984742e+05   1.008851e+04   2.694486e+01   2.597899e+04[s
     P        800000   3.085628e+05   2.984742e+05   1.008851e+04   3.148095e+01   2.541219e+04[s
     P        900000   3.085628e+05   2.984742e+05   1.008851e+04   3.624216e+01   2.483296e+04[s
     P       1000000   3.085628e+05   2.984742e+05   1.008851e+04   4.113315e+01   2.431129e+04[s
  Last       1000001   3.085628e+05   2.987035e+05   9.859203e+03   4.113463e+01   2.431044e+04
-------------------------------------------------------------------------------------------------[s



 ----------> Full Block-coordinate BPCG

Block coordinate Frank-Wolfe (BCFW).
MEMORY_MODE: FrankWolfe.InplaceEmphasis() STEPSIZE: DataType[FrankWolfe.Shortstep{Int64}, FrankWolfe.Shortstep{Int64}, FrankWolfe.Shortstep{Int64}, FrankWolfe.Shortstep{Int64}, FrankWolfe.Shortstep{Int64}] EPSILON: 1.0e-9 MAXITERATION: 1000000 TYPE: Float64
MOMENTUM: nothing GRADIENTTYPE: FrankWolfe.BlockVector{Float64, Vector{Float64}, Tuple{Int64}} UPDATE_ORDER: FrankWolfe.FullUpdate() UPDATE_STEP: DataType[FrankWolfe.BPCGStep, FrankWolfe.BPCGStep, FrankWolfe.BPCGStep, FrankWolfe.BPCGStep, FrankWolfe.BPCGStep]

-------------------------------------------------------------------------------------------------
  Type     Iteration         Primal           Dual       Dual Gap           Time         It/sec
-------------------------------------------------------------------------------------------------[s
     I             1   3.924887e+05   2.963526e+05   9.613616e+04   0.000000e+00            Inf[s
     D        100000   4.136168e+05   2.840186e+05   1.295982e+05   1.912227e+00   5.229504e+04[s
     D        200000   4.136168e+05   2.840186e+05   1.295982e+05   3.865709e+00   5.173695e+04[s
     D        300000   4.136168e+05   2.840186e+05   1.295982e+05   5.869467e+00   5.111196e+04[s
     D        400000   4.136168e+05   2.840186e+05   1.295982e+05   7.955221e+00   5.028144e+04[s
     D        500000   4.136168e+05   2.840186e+05   1.295982e+05   1.010663e+01   4.947247e+04[s
     D        600000   4.136168e+05   2.840186e+05   1.295982e+05   1.236181e+01   4.853660e+04[s
     D        700000   4.136168e+05   2.840186e+05   1.295982e+05   1.465270e+01   4.777276e+04[s
     D        800000   4.136168e+05   2.840186e+05   1.295982e+05   1.702586e+01   4.698734e+04[s
     D        900000   4.136168e+05   2.840186e+05   1.295982e+05   1.943055e+01   4.631882e+04[s
     D       1000000   4.136168e+05   2.840186e+05   1.295982e+05   2.190253e+01   4.565682e+04[s
  Last       1000001   4.147758e+05   2.851776e+05   1.295982e+05   2.190354e+01   4.565476e+04
-------------------------------------------------------------------------------------------------[s



 ----------> BPCG

Blended Pairwise Conditional Gradient Algorithm.
MEMORY_MODE: FrankWolfe.InplaceEmphasis() STEPSIZE: Shortstep EPSILON: 1.0e-9 MAXITERATION: 1000000 TYPE: Float64
GRADIENTTYPE: FrankWolfe.BlockVector{Float64, Vector{Float64}, Tuple{Int64}} LAZY: false lazy_tolerance: 2.0
LMO: FrankWolfe.ProductLMO{5, Tuple{FrankWolfe.ProbabilitySimplexOracle{Float64}, FrankWolfe.ProbabilitySimplexOracle{Float64}, FrankWolfe.ScaledBoundLInfNormBall{Float64, 1, Vector{Float64}, Vector{Float64}}, FrankWolfe.ScaledBoundLInfNormBall{Float64, 1, Vector{Float64}, Vector{Float64}}, FrankWolfe.ScaledBoundL1NormBall{Float64, 1, Vector{Float64}, Vector{Float64}}}}

----------------------------------------------------------------------------------------------------------------
  Type     Iteration         Primal           Dual       Dual Gap           Time         It/sec     #ActiveSet
----------------------------------------------------------------------------------------------------------------[s
     I             1   4.042824e+05   3.081462e+05   9.613616e+04   0.000000e+00            Inf              1[s
     P        100000   3.080045e+05   2.997831e+05   8.221437e+03   5.905721e+00   1.693273e+04              9[s
     P        200000   3.080045e+05   2.997831e+05   8.221437e+03   1.178216e+01   1.697481e+04              9[s
     P        300000   3.080045e+05   2.997831e+05   8.221437e+03   1.780924e+01   1.684519e+04              9[s
     P        400000   3.080045e+05   2.997831e+05   8.221437e+03   2.433644e+01   1.643626e+04              9[s
     P        500000   3.080045e+05   2.997831e+05   8.221437e+03   3.123553e+01   1.600741e+04              9[s
     P        600000   3.080045e+05   2.997831e+05   8.221437e+03   3.785582e+01   1.584961e+04              9[s
     P        700000   3.080045e+05   2.997831e+05   8.221437e+03   4.425151e+01   1.581867e+04              9[s
     P        800000   3.080045e+05   2.997831e+05   8.221437e+03   5.072448e+01   1.577148e+04              9[s
     P        900000   3.080045e+05   2.997831e+05   8.221437e+03   5.731793e+01   1.570189e+04              9[s
     P       1000000   3.080045e+05   2.997831e+05   8.221437e+03   6.411844e+01   1.559614e+04              9[s
  Last       1000001   3.080045e+05   2.997831e+05   8.221437e+03   6.411959e+01   1.559587e+04              9
----------------------------------------------------------------------------------------------------------------[s
    PP       1000001   3.080045e+05   2.997831e+05   8.221437e+03   6.412043e+01   1.559567e+04              9
----------------------------------------------------------------------------------------------------------------[s



---------------------------------------------------------
---------------------------------------------------------
LMOs: DataType[FrankWolfe.ProbabilitySimplexOracle{Float64}, FrankWolfe.ProbabilitySimplexOracle{Float64}, FrankWolfe.ScaledBoundLInfNormBall{Float64, 1, Vector{Float64}, Vector{Float64}}, FrankWolfe.ScaledBoundL1NormBall{Float64, 1, Vector{Float64}, Vector{Float64}}, FrankWolfe.ScaledBoundL1NormBall{Float64, 1, Vector{Float64}, Vector{Float64}}]
---------------------------------------------------------
---------------------------------------------------------



 ----------> Cyclic Block-coordinate vanilla FW

Block coordinate Frank-Wolfe (BCFW).
MEMORY_MODE: FrankWolfe.InplaceEmphasis() STEPSIZE: DataType[FrankWolfe.Shortstep{Int64}, FrankWolfe.Shortstep{Int64}, FrankWolfe.Shortstep{Int64}, FrankWolfe.Shortstep{Int64}, FrankWolfe.Shortstep{Int64}] EPSILON: 1.0e-9 MAXITERATION: 1000000 TYPE: Float64
MOMENTUM: nothing GRADIENTTYPE: FrankWolfe.BlockVector{Float64, Vector{Float64}, Tuple{Int64}} UPDATE_ORDER: FrankWolfe.CyclicUpdate() UPDATE_STEP: DataType[FrankWolfe.FrankWolfeStep, FrankWolfe.FrankWolfeStep, FrankWolfe.FrankWolfeStep, FrankWolfe.FrankWolfeStep, FrankWolfe.FrankWolfeStep]

-------------------------------------------------------------------------------------------------
  Type     Iteration         Primal           Dual       Dual Gap           Time         It/sec
-------------------------------------------------------------------------------------------------[s
     I             1   2.041289e+08   1.906737e+08   1.345511e+07   0.000000e+00            Inf[s
    FW        100000   1.947975e+08   1.947774e+08   2.013045e+04   2.936771e+00   3.405100e+04[s
    FW        200000   1.947975e+08   1.947733e+08   2.419620e+04   5.881964e+00   3.400225e+04[s
    FW        300000   1.947975e+08   1.947668e+08   3.066426e+04   8.961463e+00   3.347668e+04[s
    FW        400000   1.947975e+08   1.947636e+08   3.390555e+04   1.219300e+01   3.280572e+04[s
    FW        500000   1.947975e+08   1.947743e+08   2.316600e+04   1.560529e+01   3.204042e+04[s
    FW        600000   1.947975e+08   1.947604e+08   3.714358e+04   1.919812e+01   3.125305e+04[s
    FW        700000   1.947975e+08   1.947672e+08   3.031244e+04   2.299312e+01   3.044389e+04[s
    FW        800000   1.947975e+08   1.947631e+08   3.440832e+04   2.699013e+01   2.964046e+04[s
    FW        900000   1.947975e+08   1.947638e+08   3.375497e+04   3.113816e+01   2.890344e+04[s
    FW       1000000   1.947975e+08   1.947778e+08   1.974687e+04   3.553166e+01   2.814392e+04[s
  Last       1000001   1.947975e+08   1.947715e+08   2.603400e+04   3.565218e+01   2.804880e+04
-------------------------------------------------------------------------------------------------[s



 ----------> Cyclic Block-coordinate BPCG

Block coordinate Frank-Wolfe (BCFW).
MEMORY_MODE: FrankWolfe.InplaceEmphasis() STEPSIZE: DataType[FrankWolfe.Shortstep{Int64}, FrankWolfe.Shortstep{Int64}, FrankWolfe.Shortstep{Int64}, FrankWolfe.Shortstep{Int64}, FrankWolfe.Shortstep{Int64}] EPSILON: 1.0e-9 MAXITERATION: 1000000 TYPE: Float64
MOMENTUM: nothing GRADIENTTYPE: FrankWolfe.BlockVector{Float64, Vector{Float64}, Tuple{Int64}} UPDATE_ORDER: FrankWolfe.CyclicUpdate() UPDATE_STEP: DataType[FrankWolfe.BPCGStep, FrankWolfe.BPCGStep, FrankWolfe.BPCGStep, FrankWolfe.BPCGStep, FrankWolfe.BPCGStep]

-------------------------------------------------------------------------------------------------
  Type     Iteration         Primal           Dual       Dual Gap           Time         It/sec
-------------------------------------------------------------------------------------------------[s
     I             1   2.041289e+08   1.906737e+08   1.345511e+07   0.000000e+00            Inf[s
     P        100000   2.020457e+08   1.925128e+08   9.532895e+06   3.493596e+00   2.862380e+04[s
     P        200000   2.020457e+08   1.925128e+08   9.532923e+06   8.379968e+00   2.386644e+04[s
     P        300000   2.020457e+08   1.925128e+08   9.532859e+06   1.313777e+01   2.283492e+04[s
     P        400000   2.020457e+08   1.925127e+08   9.532948e+06   1.775458e+01   2.252940e+04[s
     P        500000   2.020457e+08   1.925128e+08   9.532849e+06   2.268445e+01   2.204153e+04[s
     P        600000   2.020457e+08   1.925127e+08   9.532942e+06   2.812531e+01   2.133310e+04[s
     P        700000   2.020457e+08   1.925128e+08   9.532871e+06   3.366905e+01   2.079061e+04[s
     P        800000   2.020457e+08   1.925128e+08   9.532908e+06   3.925665e+01   2.037871e+04[s
     P        900000   2.020457e+08   1.925128e+08   9.532911e+06   4.501332e+01   1.999408e+04[s
     P       1000000   2.020457e+08   1.925128e+08   9.532869e+06   5.095316e+01   1.962587e+04[s
  Last       1000001   2.020457e+08   1.925127e+08   9.533002e+06   5.095410e+01   1.962553e+04
-------------------------------------------------------------------------------------------------[s



 ----------> Full Block-coordinate BPCG

Block coordinate Frank-Wolfe (BCFW).
MEMORY_MODE: FrankWolfe.InplaceEmphasis() STEPSIZE: DataType[FrankWolfe.Shortstep{Int64}, FrankWolfe.Shortstep{Int64}, FrankWolfe.Shortstep{Int64}, FrankWolfe.Shortstep{Int64}, FrankWolfe.Shortstep{Int64}] EPSILON: 1.0e-9 MAXITERATION: 1000000 TYPE: Float64
MOMENTUM: nothing GRADIENTTYPE: FrankWolfe.BlockVector{Float64, Vector{Float64}, Tuple{Int64}} UPDATE_ORDER: FrankWolfe.FullUpdate() UPDATE_STEP: DataType[FrankWolfe.BPCGStep, FrankWolfe.BPCGStep, FrankWolfe.BPCGStep, FrankWolfe.BPCGStep, FrankWolfe.BPCGStep]

-------------------------------------------------------------------------------------------------
  Type     Iteration         Primal           Dual       Dual Gap           Time         It/sec
-------------------------------------------------------------------------------------------------[s
     I             1   2.047522e+08   1.911522e+08   1.359996e+07   0.000000e+00            Inf[s
    FW        100000   2.049848e+08   1.923233e+08   1.266145e+07   2.372827e+00   4.214382e+04[s
    FW        200000   2.049848e+08   1.923233e+08   1.266145e+07   4.633807e+00   4.316105e+04[s
    FW        300000   2.049848e+08   1.923233e+08   1.266145e+07   6.878396e+00   4.361482e+04[s
    FW        400000   2.049848e+08   1.923233e+08   1.266145e+07   9.170080e+00   4.362012e+04[s
    FW        500000   2.049848e+08   1.923233e+08   1.266145e+07   1.158718e+01   4.315113e+04[s
    FW        600000   2.049848e+08   1.923233e+08   1.266145e+07   1.405434e+01   4.269145e+04[s
    FW        700000   2.049848e+08   1.923233e+08   1.266145e+07   1.659156e+01   4.219013e+04[s
    FW        800000   2.049848e+08   1.923233e+08   1.266145e+07   1.924313e+01   4.157328e+04[s
    FW        900000   2.049848e+08   1.923233e+08   1.266145e+07   2.205152e+01   4.081352e+04[s
    FW       1000000   2.049848e+08   1.923233e+08   1.266145e+07   2.477200e+01   4.036816e+04[s
  Last       1000001   2.047522e+08   1.920907e+08   1.266145e+07   2.477298e+01   4.036659e+04
-------------------------------------------------------------------------------------------------[s



 ----------> BPCG

Blended Pairwise Conditional Gradient Algorithm.
MEMORY_MODE: FrankWolfe.InplaceEmphasis() STEPSIZE: Shortstep EPSILON: 1.0e-9 MAXITERATION: 1000000 TYPE: Float64
GRADIENTTYPE: FrankWolfe.BlockVector{Float64, Vector{Float64}, Tuple{Int64}} LAZY: false lazy_tolerance: 2.0
LMO: FrankWolfe.ProductLMO{5, Tuple{FrankWolfe.ProbabilitySimplexOracle{Float64}, FrankWolfe.ProbabilitySimplexOracle{Float64}, FrankWolfe.ScaledBoundLInfNormBall{Float64, 1, Vector{Float64}, Vector{Float64}}, FrankWolfe.ScaledBoundL1NormBall{Float64, 1, Vector{Float64}, Vector{Float64}}, FrankWolfe.ScaledBoundL1NormBall{Float64, 1, Vector{Float64}, Vector{Float64}}}}

----------------------------------------------------------------------------------------------------------------
  Type     Iteration         Primal           Dual       Dual Gap           Time         It/sec     #ActiveSet
----------------------------------------------------------------------------------------------------------------[s
     I             1   2.187367e+08   2.051367e+08   1.359996e+07   0.000000e+00            Inf              1[s
    FW        100000   2.047522e+08   1.920907e+08   1.266145e+07   1.486819e+00   6.725767e+04              1[s
    FW        200000   2.047522e+08   1.920907e+08   1.266145e+07   2.882765e+00   6.937783e+04              1[s
    FW        300000   2.047522e+08   1.920907e+08   1.266145e+07   4.296710e+00   6.982087e+04              1[s
    FW        400000   2.047522e+08   1.920907e+08   1.266145e+07   5.786199e+00   6.913001e+04              1[s
    FW        500000   2.047522e+08   1.920907e+08   1.266145e+07   7.313148e+00   6.837001e+04              1[s
    FW        600000   2.047522e+08   1.920907e+08   1.266145e+07   8.905468e+00   6.737434e+04              1[s
    FW        700000   2.047522e+08   1.920907e+08   1.266145e+07   1.055766e+01   6.630258e+04              1[s
    FW        800000   2.047522e+08   1.920907e+08   1.266145e+07   1.230214e+01   6.502936e+04              1[s
    FW        900000   2.047522e+08   1.920907e+08   1.266145e+07   1.407846e+01   6.392745e+04              1[s
    FW       1000000   2.047522e+08   1.920907e+08   1.266145e+07   1.592622e+01   6.278954e+04              1[s
  Last       1000001   2.047522e+08   1.920907e+08   1.266145e+07   1.592727e+01   6.278545e+04              1
----------------------------------------------------------------------------------------------------------------[s
    PP       1000001   2.047522e+08   1.920907e+08   1.266145e+07   1.601196e+01   6.245338e+04              1
----------------------------------------------------------------------------------------------------------------[s



---------------------------------------------------------
---------------------------------------------------------
LMOs: DataType[FrankWolfe.ProbabilitySimplexOracle{Float64}, FrankWolfe.ProbabilitySimplexOracle{Float64}, FrankWolfe.ScaledBoundLInfNormBall{Float64, 1, Vector{Float64}, Vector{Float64}}, FrankWolfe.ScaledBoundL1NormBall{Float64, 1, Vector{Float64}, Vector{Float64}}, FrankWolfe.ScaledBoundL1NormBall{Float64, 1, Vector{Float64}, Vector{Float64}}]
---------------------------------------------------------
---------------------------------------------------------



 ----------> Cyclic Block-coordinate vanilla FW

Block coordinate Frank-Wolfe (BCFW).
MEMORY_MODE: FrankWolfe.InplaceEmphasis() STEPSIZE: DataType[FrankWolfe.Shortstep{Int64}, FrankWolfe.Shortstep{Int64}, FrankWolfe.Shortstep{Int64}, FrankWolfe.Shortstep{Int64}, FrankWolfe.Shortstep{Int64}] EPSILON: 1.0e-9 MAXITERATION: 1000000 TYPE: Float64
MOMENTUM: nothing GRADIENTTYPE: FrankWolfe.BlockVector{Float64, Vector{Float64}, Tuple{Int64}} UPDATE_ORDER: FrankWolfe.CyclicUpdate() UPDATE_STEP: DataType[FrankWolfe.FrankWolfeStep, FrankWolfe.FrankWolfeStep, FrankWolfe.FrankWolfeStep, FrankWolfe.FrankWolfeStep, FrankWolfe.FrankWolfeStep]

-------------------------------------------------------------------------------------------------
  Type     Iteration         Primal           Dual       Dual Gap           Time         It/sec
-------------------------------------------------------------------------------------------------[s
     I             1   1.922395e+08   1.721664e+08   2.007318e+07   0.000000e+00            Inf[s
    FW        100000   1.829113e+08   1.828545e+08   5.677827e+04   2.911003e+00   3.435243e+04[s
    FW        200000   1.829113e+08   1.828577e+08   5.353924e+04   6.199449e+00   3.226093e+04[s
    FW        300000   1.829113e+08   1.828554e+08   5.585218e+04   9.737177e+00   3.080975e+04[s
    FW        400000   1.829112e+08   1.828532e+08   5.800634e+04   1.359890e+01   2.941414e+04[s
    FW        500000   1.829112e+08   1.828621e+08   4.907660e+04   1.743541e+01   2.867727e+04[s
    FW        600000   1.829111e+08   1.828655e+08   4.556155e+04   2.149246e+01   2.791677e+04[s
    FW        700000   1.829111e+08   1.828597e+08   5.138953e+04   2.545944e+01   2.749471e+04[s
    FW        800000   1.829111e+08   1.828561e+08   5.500662e+04   2.951555e+01   2.710436e+04[s
    FW        900000   1.829111e+08   1.828669e+08   4.418376e+04   3.370458e+01   2.670260e+04[s
    FW       1000000   1.829111e+08   1.828590e+08   5.211112e+04   3.807974e+01   2.626069e+04[s
  Last       1000001   1.829111e+08   1.828537e+08   5.739258e+04   3.808070e+01   2.626005e+04
-------------------------------------------------------------------------------------------------[s



 ----------> Cyclic Block-coordinate BPCG

Block coordinate Frank-Wolfe (BCFW).
MEMORY_MODE: FrankWolfe.InplaceEmphasis() STEPSIZE: DataType[FrankWolfe.Shortstep{Int64}, FrankWolfe.Shortstep{Int64}, FrankWolfe.Shortstep{Int64}, FrankWolfe.Shortstep{Int64}, FrankWolfe.Shortstep{Int64}] EPSILON: 1.0e-9 MAXITERATION: 1000000 TYPE: Float64
MOMENTUM: nothing GRADIENTTYPE: FrankWolfe.BlockVector{Float64, Vector{Float64}, Tuple{Int64}} UPDATE_ORDER: FrankWolfe.CyclicUpdate() UPDATE_STEP: DataType[FrankWolfe.BPCGStep, FrankWolfe.BPCGStep, FrankWolfe.BPCGStep, FrankWolfe.BPCGStep, FrankWolfe.BPCGStep]

-------------------------------------------------------------------------------------------------
  Type     Iteration         Primal           Dual       Dual Gap           Time         It/sec
-------------------------------------------------------------------------------------------------[s
     I             1   1.922395e+08   1.721664e+08   2.007318e+07   0.000000e+00            Inf[s
     P        100000   1.830060e+08   1.820777e+08   9.282498e+05   3.498548e+00   2.858329e+04[s
     P        200000   1.830060e+08   1.820699e+08   9.360488e+05   7.159467e+00   2.793504e+04[s
     P        300000   1.830060e+08   1.821445e+08   8.614687e+05   1.089539e+01   2.753459e+04[s
     P        400000   1.830060e+08   1.820777e+08   9.282498e+05   1.483869e+01   2.695655e+04[s
     P        500000   1.830060e+08   1.820699e+08   9.360488e+05   1.902927e+01   2.627531e+04[s
     P        600000   1.830060e+08   1.821445e+08   8.614687e+05   2.327627e+01   2.577733e+04[s
     P        700000   1.830060e+08   1.820777e+08   9.282498e+05   2.775690e+01   2.521895e+04[s
     P        800000   1.830060e+08   1.820699e+08   9.360488e+05   3.245910e+01   2.464640e+04[s
     P        900000   1.830060e+08   1.821445e+08   8.614687e+05   3.735129e+01   2.409555e+04[s
     P       1000000   1.830060e+08   1.820777e+08   9.282498e+05   4.242492e+01   2.357105e+04[s
  Last       1000001   1.830060e+08   1.820843e+08   9.217214e+05   4.242640e+01   2.357025e+04
-------------------------------------------------------------------------------------------------[s



 ----------> Full Block-coordinate BPCG

Block coordinate Frank-Wolfe (BCFW).
MEMORY_MODE: FrankWolfe.InplaceEmphasis() STEPSIZE: DataType[FrankWolfe.Shortstep{Int64}, FrankWolfe.Shortstep{Int64}, FrankWolfe.Shortstep{Int64}, FrankWolfe.Shortstep{Int64}, FrankWolfe.Shortstep{Int64}] EPSILON: 1.0e-9 MAXITERATION: 1000000 TYPE: Float64
MOMENTUM: nothing GRADIENTTYPE: FrankWolfe.BlockVector{Float64, Vector{Float64}, Tuple{Int64}} UPDATE_ORDER: FrankWolfe.FullUpdate() UPDATE_STEP: DataType[FrankWolfe.BPCGStep, FrankWolfe.BPCGStep, FrankWolfe.BPCGStep, FrankWolfe.BPCGStep, FrankWolfe.BPCGStep]

-------------------------------------------------------------------------------------------------
  Type     Iteration         Primal           Dual       Dual Gap           Time         It/sec
-------------------------------------------------------------------------------------------------[s
     I             1   1.928848e+08   1.722379e+08   2.064684e+07   0.000000e+00            Inf[s
    FW        100000   1.928254e+08   1.796647e+08   1.316068e+07   2.021166e+00   4.947640e+04[s
    FW        200000   1.928254e+08   1.796647e+08   1.316068e+07   4.101427e+00   4.876352e+04[s
    FW        300000   1.928254e+08   1.796647e+08   1.316068e+07   6.416183e+00   4.675677e+04[s
    FW        400000   1.928254e+08   1.796647e+08   1.316068e+07   8.636231e+00   4.631650e+04[s
    FW        500000   1.928254e+08   1.796647e+08   1.316068e+07   1.086702e+01   4.601076e+04[s
    FW        600000   1.928254e+08   1.796647e+08   1.316068e+07   1.313851e+01   4.566726e+04[s
    FW        700000   1.928254e+08   1.796647e+08   1.316068e+07   1.548963e+01   4.519153e+04[s
    FW        800000   1.928254e+08   1.796647e+08   1.316068e+07   1.786703e+01   4.477521e+04[s
    FW        900000   1.928254e+08   1.796647e+08   1.316068e+07   2.028726e+01   4.436282e+04[s
    FW       1000000   1.928254e+08   1.796647e+08   1.316068e+07   2.283099e+01   4.380011e+04[s
  Last       1000001   1.926062e+08   1.794455e+08   1.316068e+07   2.283199e+01   4.379825e+04
-------------------------------------------------------------------------------------------------[s



 ----------> BPCG

Blended Pairwise Conditional Gradient Algorithm.
MEMORY_MODE: FrankWolfe.InplaceEmphasis() STEPSIZE: Shortstep EPSILON: 1.0e-9 MAXITERATION: 1000000 TYPE: Float64
GRADIENTTYPE: FrankWolfe.BlockVector{Float64, Vector{Float64}, Tuple{Int64}} LAZY: false lazy_tolerance: 2.0
LMO: FrankWolfe.ProductLMO{5, Tuple{FrankWolfe.ProbabilitySimplexOracle{Float64}, FrankWolfe.ProbabilitySimplexOracle{Float64}, FrankWolfe.ScaledBoundLInfNormBall{Float64, 1, Vector{Float64}, Vector{Float64}}, FrankWolfe.ScaledBoundL1NormBall{Float64, 1, Vector{Float64}, Vector{Float64}}, FrankWolfe.ScaledBoundL1NormBall{Float64, 1, Vector{Float64}, Vector{Float64}}}}

----------------------------------------------------------------------------------------------------------------
  Type     Iteration         Primal           Dual       Dual Gap           Time         It/sec     #ActiveSet
----------------------------------------------------------------------------------------------------------------[s
     I             1   2.147267e+08   1.940799e+08   2.064684e+07   0.000000e+00            Inf              1[s
    FW        100000   1.925869e+08   1.794603e+08   1.312664e+07   1.306243e+00   7.655546e+04              1[s
    FW        200000   1.925869e+08   1.794603e+08   1.312664e+07   2.624824e+00   7.619558e+04              1[s
    FW        300000   1.925869e+08   1.794603e+08   1.312664e+07   3.999811e+00   7.500355e+04              1[s
    FW        400000   1.925869e+08   1.794603e+08   1.312664e+07   5.409099e+00   7.394947e+04              1[s
    FW        500000   1.925869e+08   1.794603e+08   1.312664e+07   6.864746e+00   7.283591e+04              1[s
    FW        600000   1.925869e+08   1.794603e+08   1.312664e+07   8.366596e+00   7.171375e+04              1[s
    FW        700000   1.925869e+08   1.794603e+08   1.312664e+07   9.946601e+00   7.037580e+04              1[s
    FW        800000   1.925869e+08   1.794603e+08   1.312664e+07   1.158532e+01   6.905290e+04              1[s
    FW        900000   1.925869e+08   1.794603e+08   1.312664e+07   1.324869e+01   6.793125e+04              1[s
    FW       1000000   1.925869e+08   1.794603e+08   1.312664e+07   1.498247e+01   6.674469e+04              1[s
  Last       1000001   1.925869e+08   1.794603e+08   1.312664e+07   1.498359e+01   6.673974e+04              1
----------------------------------------------------------------------------------------------------------------[s
    PP       1000001   1.925869e+08   1.794603e+08   1.312664e+07   1.498470e+01   6.673482e+04              1
----------------------------------------------------------------------------------------------------------------[s



---------------------------------------------------------
---------------------------------------------------------
LMOs: DataType[FrankWolfe.ProbabilitySimplexOracle{Float64}, FrankWolfe.ScaledBoundLInfNormBall{Float64, 1, Vector{Float64}, Vector{Float64}}, FrankWolfe.ScaledBoundLInfNormBall{Float64, 1, Vector{Float64}, Vector{Float64}}, FrankWolfe.ScaledBoundL1NormBall{Float64, 1, Vector{Float64}, Vector{Float64}}, FrankWolfe.ScaledBoundL1NormBall{Float64, 1, Vector{Float64}, Vector{Float64}}]
---------------------------------------------------------
---------------------------------------------------------



 ----------> Cyclic Block-coordinate vanilla FW

Block coordinate Frank-Wolfe (BCFW).
MEMORY_MODE: FrankWolfe.InplaceEmphasis() STEPSIZE: DataType[FrankWolfe.Shortstep{Int64}, FrankWolfe.Shortstep{Int64}, FrankWolfe.Shortstep{Int64}, FrankWolfe.Shortstep{Int64}, FrankWolfe.Shortstep{Int64}] EPSILON: 1.0e-9 MAXITERATION: 1000000 TYPE: Float64
MOMENTUM: nothing GRADIENTTYPE: FrankWolfe.BlockVector{Float64, Vector{Float64}, Tuple{Int64}} UPDATE_ORDER: FrankWolfe.CyclicUpdate() UPDATE_STEP: DataType[FrankWolfe.FrankWolfeStep, FrankWolfe.FrankWolfeStep, FrankWolfe.FrankWolfeStep, FrankWolfe.FrankWolfeStep, FrankWolfe.FrankWolfeStep]

-------------------------------------------------------------------------------------------------
  Type     Iteration         Primal           Dual       Dual Gap           Time         It/sec
-------------------------------------------------------------------------------------------------[s
     I             1   1.923287e+08   1.722468e+08   2.008194e+07   0.000000e+00            Inf[s
    FW        100000   1.829894e+08   1.828577e+08   1.317187e+05   3.001198e+00   3.332003e+04[s
    FW        200000   1.829894e+08   1.828689e+08   1.204920e+05   5.962096e+00   3.354525e+04[s
    FW        300000   1.829894e+08   1.828650e+08   1.244309e+05   9.083442e+00   3.302713e+04[s
    FW        400000   1.829894e+08   1.828415e+08   1.479005e+05   1.238993e+01   3.228429e+04[s
    FW        500000   1.829894e+08   1.828380e+08   1.513418e+05   1.586707e+01   3.151180e+04[s
    FW        600000   1.829894e+08   1.828713e+08   1.181142e+05   1.972312e+01   3.042115e+04[s
    FW        700000   1.829894e+08   1.828446e+08   1.447980e+05   2.359034e+01   2.967317e+04[s
    FW        800000   1.829894e+08   1.828868e+08   1.025518e+05   2.764191e+01   2.894156e+04[s
    FW        900000   1.829894e+08   1.829005e+08   8.891927e+04   3.181988e+01   2.828420e+04[s
    FW       1000000   1.829894e+08   1.828508e+08   1.386274e+05   3.616388e+01   2.765190e+04[s
  Last       1000001   1.829894e+08   1.828483e+08   1.411091e+05   3.628646e+01   2.755852e+04
-------------------------------------------------------------------------------------------------[s



 ----------> Cyclic Block-coordinate BPCG

Block coordinate Frank-Wolfe (BCFW).
MEMORY_MODE: FrankWolfe.InplaceEmphasis() STEPSIZE: DataType[FrankWolfe.Shortstep{Int64}, FrankWolfe.Shortstep{Int64}, FrankWolfe.Shortstep{Int64}, FrankWolfe.Shortstep{Int64}, FrankWolfe.Shortstep{Int64}] EPSILON: 1.0e-9 MAXITERATION: 1000000 TYPE: Float64
MOMENTUM: nothing GRADIENTTYPE: FrankWolfe.BlockVector{Float64, Vector{Float64}, Tuple{Int64}} UPDATE_ORDER: FrankWolfe.CyclicUpdate() UPDATE_STEP: DataType[FrankWolfe.BPCGStep, FrankWolfe.BPCGStep, FrankWolfe.BPCGStep, FrankWolfe.BPCGStep, FrankWolfe.BPCGStep]

-------------------------------------------------------------------------------------------------
  Type     Iteration         Primal           Dual       Dual Gap           Time         It/sec
-------------------------------------------------------------------------------------------------[s
     I             1   1.923287e+08   1.722468e+08   2.008194e+07   0.000000e+00            Inf[s
     P        100000   1.829955e+08   1.828227e+08   1.728035e+05   3.579221e+00   2.793904e+04[s
     P        200000   1.829955e+08   1.828227e+08   1.728035e+05   7.198971e+00   2.778175e+04[s
     P        300000   1.829955e+08   1.828227e+08   1.728035e+05   1.098524e+01   2.730936e+04[s
     P        400000   1.829955e+08   1.828227e+08   1.728035e+05   1.493442e+01   2.678376e+04[s
     P        500000   1.829955e+08   1.828227e+08   1.728035e+05   1.912965e+01   2.613744e+04[s
     P        600000   1.829955e+08   1.828227e+08   1.728035e+05   2.347244e+01   2.556189e+04[s
     P        700000   1.829955e+08   1.828227e+08   1.728035e+05   2.796774e+01   2.502884e+04[s
     P        800000   1.829955e+08   1.828227e+08   1.728035e+05   3.269278e+01   2.447023e+04[s
     P        900000   1.829955e+08   1.828227e+08   1.728035e+05   3.753051e+01   2.398049e+04[s
     P       1000000   1.829955e+08   1.828227e+08   1.728035e+05   4.267129e+01   2.343496e+04[s
  Last       1000001   1.829955e+08   1.828237e+08   1.717862e+05   4.267241e+01   2.343437e+04
-------------------------------------------------------------------------------------------------[s



 ----------> Full Block-coordinate BPCG

Block coordinate Frank-Wolfe (BCFW).
MEMORY_MODE: FrankWolfe.InplaceEmphasis() STEPSIZE: DataType[FrankWolfe.Shortstep{Int64}, FrankWolfe.Shortstep{Int64}, FrankWolfe.Shortstep{Int64}, FrankWolfe.Shortstep{Int64}, FrankWolfe.Shortstep{Int64}] EPSILON: 1.0e-9 MAXITERATION: 1000000 TYPE: Float64
MOMENTUM: nothing GRADIENTTYPE: FrankWolfe.BlockVector{Float64, Vector{Float64}, Tuple{Int64}} UPDATE_ORDER: FrankWolfe.FullUpdate() UPDATE_STEP: DataType[FrankWolfe.BPCGStep, FrankWolfe.BPCGStep, FrankWolfe.BPCGStep, FrankWolfe.BPCGStep, FrankWolfe.BPCGStep]

-------------------------------------------------------------------------------------------------
  Type     Iteration         Primal           Dual       Dual Gap           Time         It/sec
-------------------------------------------------------------------------------------------------[s
     I             1   1.928517e+08   1.721713e+08   2.068032e+07   0.000000e+00            Inf[s
    FW        100000   1.929035e+08   1.797535e+08   1.315000e+07   2.067385e+00   4.837028e+04[s
    FW        200000   1.929035e+08   1.797535e+08   1.315000e+07   4.130492e+00   4.842038e+04[s
    FW        300000   1.929035e+08   1.797535e+08   1.315000e+07   6.267003e+00   4.786977e+04[s
    FW        400000   1.929035e+08   1.797535e+08   1.315000e+07   8.487122e+00   4.713023e+04[s
    FW        500000   1.929035e+08   1.797535e+08   1.315000e+07   1.079633e+01   4.631205e+04[s
    FW        600000   1.929035e+08   1.797535e+08   1.315000e+07   1.309441e+01   4.582109e+04[s
    FW        700000   1.929035e+08   1.797535e+08   1.315000e+07   1.550710e+01   4.514060e+04[s
    FW        800000   1.929035e+08   1.797535e+08   1.315000e+07   1.796868e+01   4.452190e+04[s
    FW        900000   1.929035e+08   1.797535e+08   1.315000e+07   2.044416e+01   4.402235e+04[s
    FW       1000000   1.929035e+08   1.797535e+08   1.315000e+07   2.304262e+01   4.339785e+04[s
  Last       1000001   1.926830e+08   1.795330e+08   1.315000e+07   2.304353e+01   4.339618e+04
-------------------------------------------------------------------------------------------------[s



 ----------> BPCG

Blended Pairwise Conditional Gradient Algorithm.
MEMORY_MODE: FrankWolfe.InplaceEmphasis() STEPSIZE: Shortstep EPSILON: 1.0e-9 MAXITERATION: 1000000 TYPE: Float64
GRADIENTTYPE: FrankWolfe.BlockVector{Float64, Vector{Float64}, Tuple{Int64}} LAZY: false lazy_tolerance: 2.0
LMO: FrankWolfe.ProductLMO{5, Tuple{FrankWolfe.ProbabilitySimplexOracle{Float64}, FrankWolfe.ScaledBoundLInfNormBall{Float64, 1, Vector{Float64}, Vector{Float64}}, FrankWolfe.ScaledBoundLInfNormBall{Float64, 1, Vector{Float64}, Vector{Float64}}, FrankWolfe.ScaledBoundL1NormBall{Float64, 1, Vector{Float64}, Vector{Float64}}, FrankWolfe.ScaledBoundL1NormBall{Float64, 1, Vector{Float64}, Vector{Float64}}}}

----------------------------------------------------------------------------------------------------------------
  Type     Iteration         Primal           Dual       Dual Gap           Time         It/sec     #ActiveSet
----------------------------------------------------------------------------------------------------------------[s
     I             1   2.148430e+08   1.941627e+08   2.068032e+07   0.000000e+00            Inf              1[s
    FW        100000   1.926588e+08   1.795527e+08   1.310613e+07   1.483641e+00   6.740176e+04              1[s
    FW        200000   1.926588e+08   1.795527e+08   1.310613e+07   2.797922e+00   7.148162e+04              1[s
    FW        300000   1.926588e+08   1.795527e+08   1.310613e+07   4.194505e+00   7.152215e+04              1[s
    FW        400000   1.926588e+08   1.795527e+08   1.310613e+07   5.620854e+00   7.116356e+04              1[s
    FW        500000   1.926588e+08   1.795527e+08   1.310613e+07   7.117183e+00   7.025252e+04              1[s
    FW        600000   1.926588e+08   1.795527e+08   1.310613e+07   8.686251e+00   6.907468e+04              1[s
    FW        700000   1.926588e+08   1.795527e+08   1.310613e+07   1.027393e+01   6.813361e+04              1[s
    FW        800000   1.926588e+08   1.795527e+08   1.310613e+07   1.190828e+01   6.718012e+04              1[s
    FW        900000   1.926588e+08   1.795527e+08   1.310613e+07   1.361823e+01   6.608786e+04              1[s
    FW       1000000   1.926588e+08   1.795527e+08   1.310613e+07   1.535580e+01   6.512198e+04              1[s
  Last       1000001   1.926588e+08   1.795527e+08   1.310613e+07   1.535671e+01   6.511819e+04              1
----------------------------------------------------------------------------------------------------------------[s
    PP       1000001   1.926588e+08   1.795527e+08   1.310613e+07   1.544629e+01   6.474051e+04              1
----------------------------------------------------------------------------------------------------------------[s



---------------------------------------------------------
---------------------------------------------------------
LMOs: DataType[FrankWolfe.ProbabilitySimplexOracle{Float64}, FrankWolfe.ScaledBoundLInfNormBall{Float64, 1, Vector{Float64}, Vector{Float64}}, FrankWolfe.ScaledBoundLInfNormBall{Float64, 1, Vector{Float64}, Vector{Float64}}, FrankWolfe.ScaledBoundL1NormBall{Float64, 1, Vector{Float64}, Vector{Float64}}, FrankWolfe.ScaledBoundL1NormBall{Float64, 1, Vector{Float64}, Vector{Float64}}]
---------------------------------------------------------
---------------------------------------------------------



 ----------> Cyclic Block-coordinate vanilla FW

Block coordinate Frank-Wolfe (BCFW).
MEMORY_MODE: FrankWolfe.InplaceEmphasis() STEPSIZE: DataType[FrankWolfe.Shortstep{Int64}, FrankWolfe.Shortstep{Int64}, FrankWolfe.Shortstep{Int64}, FrankWolfe.Shortstep{Int64}, FrankWolfe.Shortstep{Int64}] EPSILON: 1.0e-9 MAXITERATION: 1000000 TYPE: Float64
MOMENTUM: nothing GRADIENTTYPE: FrankWolfe.BlockVector{Float64, Vector{Float64}, Tuple{Int64}} UPDATE_ORDER: FrankWolfe.CyclicUpdate() UPDATE_STEP: DataType[FrankWolfe.FrankWolfeStep, FrankWolfe.FrankWolfeStep, FrankWolfe.FrankWolfeStep, FrankWolfe.FrankWolfeStep, FrankWolfe.FrankWolfeStep]

-------------------------------------------------------------------------------------------------
  Type     Iteration         Primal           Dual       Dual Gap           Time         It/sec
-------------------------------------------------------------------------------------------------[s
     I             1   1.926475e+08   1.726627e+08   1.998487e+07   0.000000e+00            Inf[s
    FW        100000   1.833610e+08   1.832630e+08   9.794810e+04   2.870382e+00   3.483857e+04[s
    FW        200000   1.833610e+08   1.832463e+08   1.147181e+05   5.880164e+00   3.401265e+04[s
    FW        300000   1.833610e+08   1.832157e+08   1.452547e+05   8.992084e+00   3.336268e+04[s
    FW        400000   1.833610e+08   1.833030e+08   5.798743e+04   1.228154e+01   3.256920e+04[s
    FW        500000   1.833610e+08   1.832723e+08   8.868197e+04   1.574576e+01   3.175458e+04[s
    FW        600000   1.833610e+08   1.832725e+08   8.851641e+04   1.940839e+01   3.091446e+04[s
    FW        700000   1.833610e+08   1.832520e+08   1.090252e+05   2.333141e+01   3.000247e+04[s
    FW        800000   1.833610e+08   1.832598e+08   1.011649e+05   2.735655e+01   2.924345e+04[s
    FW        900000   1.833610e+08   1.832762e+08   8.480948e+04   3.153771e+01   2.853727e+04[s
    FW       1000000   1.833610e+08   1.832472e+08   1.137723e+05   3.589069e+01   2.786238e+04[s
  Last       1000001   1.833610e+08   1.832705e+08   9.046219e+04   3.589187e+01   2.786149e+04
-------------------------------------------------------------------------------------------------[s



 ----------> Cyclic Block-coordinate BPCG

Block coordinate Frank-Wolfe (BCFW).
MEMORY_MODE: FrankWolfe.InplaceEmphasis() STEPSIZE: DataType[FrankWolfe.Shortstep{Int64}, FrankWolfe.Shortstep{Int64}, FrankWolfe.Shortstep{Int64}, FrankWolfe.Shortstep{Int64}, FrankWolfe.Shortstep{Int64}] EPSILON: 1.0e-9 MAXITERATION: 1000000 TYPE: Float64
MOMENTUM: nothing GRADIENTTYPE: FrankWolfe.BlockVector{Float64, Vector{Float64}, Tuple{Int64}} UPDATE_ORDER: FrankWolfe.CyclicUpdate() UPDATE_STEP: DataType[FrankWolfe.BPCGStep, FrankWolfe.BPCGStep, FrankWolfe.BPCGStep, FrankWolfe.BPCGStep, FrankWolfe.BPCGStep]

-------------------------------------------------------------------------------------------------
  Type     Iteration         Primal           Dual       Dual Gap           Time         It/sec
-------------------------------------------------------------------------------------------------[s
     I             1   1.926475e+08   1.726627e+08   1.998487e+07   0.000000e+00            Inf[s
     P        100000   1.834729e+08   1.823952e+08   1.077756e+06   3.746286e+00   2.669311e+04[s
     P        200000   1.834729e+08   1.823952e+08   1.077756e+06   7.651162e+00   2.613982e+04[s
     P        300000   1.834729e+08   1.823952e+08   1.077756e+06   1.175001e+01   2.553189e+04[s
     P        400000   1.834729e+08   1.823952e+08   1.077756e+06   1.595023e+01   2.507801e+04[s
     P        500000   1.834729e+08   1.823952e+08   1.077756e+06   2.050450e+01   2.438489e+04[s
     P        600000   1.834729e+08   1.823952e+08   1.077756e+06   2.523069e+01   2.378056e+04[s
     P        700000   1.834729e+08   1.823952e+08   1.077756e+06   3.014787e+01   2.321889e+04[s
     P        800000   1.834729e+08   1.823952e+08   1.077756e+06   3.517431e+01   2.274387e+04[s
     P        900000   1.834729e+08   1.823952e+08   1.077756e+06   4.043964e+01   2.225539e+04[s
     P       1000000   1.834729e+08   1.823952e+08   1.077756e+06   4.599859e+01   2.173980e+04[s
  Last       1000001   1.834729e+08   1.824024e+08   1.070467e+06   4.599949e+01   2.173939e+04
-------------------------------------------------------------------------------------------------[s



 ----------> Full Block-coordinate BPCG

Block coordinate Frank-Wolfe (BCFW).
MEMORY_MODE: FrankWolfe.InplaceEmphasis() STEPSIZE: DataType[FrankWolfe.Shortstep{Int64}, FrankWolfe.Shortstep{Int64}, FrankWolfe.Shortstep{Int64}, FrankWolfe.Shortstep{Int64}, FrankWolfe.Shortstep{Int64}] EPSILON: 1.0e-9 MAXITERATION: 1000000 TYPE: Float64
MOMENTUM: nothing GRADIENTTYPE: FrankWolfe.BlockVector{Float64, Vector{Float64}, Tuple{Int64}} UPDATE_ORDER: FrankWolfe.FullUpdate() UPDATE_STEP: DataType[FrankWolfe.BPCGStep, FrankWolfe.BPCGStep, FrankWolfe.BPCGStep, FrankWolfe.BPCGStep, FrankWolfe.BPCGStep]

-------------------------------------------------------------------------------------------------
  Type     Iteration         Primal           Dual       Dual Gap           Time         It/sec
-------------------------------------------------------------------------------------------------[s
     I             1   1.928816e+08   1.723792e+08   2.050244e+07   0.000000e+00            Inf[s
    FW        100000   1.932805e+08   1.802217e+08   1.305882e+07   2.031649e+00   4.922110e+04[s
    FW        200000   1.932805e+08   1.802217e+08   1.305882e+07   4.121511e+00   4.852590e+04[s
    FW        300000   1.932805e+08   1.802217e+08   1.305882e+07   6.164024e+00   4.866950e+04[s
    FW        400000   1.932805e+08   1.802217e+08   1.305882e+07   8.295109e+00   4.822119e+04[s
    FW        500000   1.932805e+08   1.802217e+08   1.305882e+07   1.055345e+01   4.737789e+04[s
    FW        600000   1.932805e+08   1.802217e+08   1.305882e+07   1.287315e+01   4.660864e+04[s
    FW        700000   1.932805e+08   1.802217e+08   1.305882e+07   1.521130e+01   4.601843e+04[s
    FW        800000   1.932805e+08   1.802217e+08   1.305882e+07   1.761121e+01   4.542561e+04[s
    FW        900000   1.932805e+08   1.802217e+08   1.305882e+07   2.009500e+01   4.478726e+04[s
    FW       1000000   1.932805e+08   1.802217e+08   1.305882e+07   2.266478e+01   4.412132e+04[s
  Last       1000001   1.930572e+08   1.799984e+08   1.305882e+07   2.266569e+01   4.411959e+04
-------------------------------------------------------------------------------------------------[s



 ----------> BPCG

Blended Pairwise Conditional Gradient Algorithm.
MEMORY_MODE: FrankWolfe.InplaceEmphasis() STEPSIZE: Shortstep EPSILON: 1.0e-9 MAXITERATION: 1000000 TYPE: Float64
GRADIENTTYPE: FrankWolfe.BlockVector{Float64, Vector{Float64}, Tuple{Int64}} LAZY: false lazy_tolerance: 2.0
LMO: FrankWolfe.ProductLMO{5, Tuple{FrankWolfe.ProbabilitySimplexOracle{Float64}, FrankWolfe.ScaledBoundLInfNormBall{Float64, 1, Vector{Float64}, Vector{Float64}}, FrankWolfe.ScaledBoundLInfNormBall{Float64, 1, Vector{Float64}, Vector{Float64}}, FrankWolfe.ScaledBoundL1NormBall{Float64, 1, Vector{Float64}, Vector{Float64}}, FrankWolfe.ScaledBoundL1NormBall{Float64, 1, Vector{Float64}, Vector{Float64}}}}

----------------------------------------------------------------------------------------------------------------
  Type     Iteration         Primal           Dual       Dual Gap           Time         It/sec     #ActiveSet
----------------------------------------------------------------------------------------------------------------[s
     I             1   2.149033e+08   1.944008e+08   2.050244e+07   0.000000e+00            Inf              1[s
    FW        100000   1.930511e+08   1.800033e+08   1.304775e+07   1.348962e+00   7.413110e+04              1[s
    FW        200000   1.930511e+08   1.800033e+08   1.304775e+07   2.697966e+00   7.412993e+04              1[s
    FW        300000   1.930511e+08   1.800033e+08   1.304775e+07   4.083323e+00   7.346957e+04              1[s
    FW        400000   1.930511e+08   1.800033e+08   1.304775e+07   5.533568e+00   7.228609e+04              1[s
    FW        500000   1.930511e+08   1.800033e+08   1.304775e+07   7.013346e+00   7.129265e+04              1[s
    FW        600000   1.930511e+08   1.800033e+08   1.304775e+07   8.578518e+00   6.994215e+04              1[s
    FW        700000   1.930511e+08   1.800033e+08   1.304775e+07   1.019837e+01   6.863845e+04              1[s
    FW        800000   1.930511e+08   1.800033e+08   1.304775e+07   1.187708e+01   6.735662e+04              1[s
    FW        900000   1.930511e+08   1.800033e+08   1.304775e+07   1.356040e+01   6.636972e+04              1[s
    FW       1000000   1.930511e+08   1.800033e+08   1.304775e+07   1.530622e+01   6.533291e+04              1[s
  Last       1000001   1.930511e+08   1.800033e+08   1.304775e+07   1.530784e+01   6.532607e+04              1
----------------------------------------------------------------------------------------------------------------[s
    PP       1000001   1.930511e+08   1.800033e+08   1.304775e+07   1.530879e+01   6.532202e+04              1
----------------------------------------------------------------------------------------------------------------[s
[ Info: In memory_mode memory iterates are written back into x0!
[ Info: In memory_mode memory iterates are written back into x0!
[ Info: In memory_mode memory iterates are written back into x0!
[ Info: In memory_mode memory iterates are written back into x0!
[ Info: In memory_mode memory iterates are written back into x0!
[ Info: In memory_mode memory iterates are written back into x0!
[ Info: In memory_mode memory iterates are written back into x0!
[ Info: In memory_mode memory iterates are written back into x0!
[ Info: In memory_mode memory iterates are written back into x0!
[ Info: In memory_mode memory iterates are written back into x0!
[ Info: In memory_mode memory iterates are written back into x0!
[ Info: In memory_mode memory iterates are written back into x0!
[ Info: In memory_mode memory iterates are written back into x0!
[ Info: In memory_mode memory iterates are written back into x0!
[ Info: In memory_mode memory iterates are written back into x0!
[ Info: In memory_mode memory iterates are written back into x0!
[ Info: In memory_mode memory iterates are written back into x0!
[ Info: In memory_mode memory iterates are written back into x0!
