k: 3, n: 250, target_tolerance: 1.0e-9, max_iterations: 500000, seed: 42



---------------------------------------------------------
---------------------------------------------------------
LMOs: DataType[FrankWolfe.ProbabilitySimplexOracle{Float64}, FrankWolfe.ProbabilitySimplexOracle{Float64}, FrankWolfe.ScaledBoundLInfNormBall{Float64, 1, Vector{Float64}, Vector{Float64}}]
---------------------------------------------------------
---------------------------------------------------------



 ----------> Block-coordinate vanilla FW

Block coordinate Frank-Wolfe (BCFW).
MEMORY_MODE: FrankWolfe.InplaceEmphasis() STEPSIZE: DataType[FrankWolfe.Shortstep{Int64}, FrankWolfe.Shortstep{Int64}, FrankWolfe.Shortstep{Int64}] EPSILON: 1.0e-9 MAXITERATION: 500000 TYPE: Float64
MOMENTUM: nothing GRADIENTTYPE: FrankWolfe.BlockVector{Float64, Vector{Float64}, Tuple{Int64}} UPDATE_ORDER: FrankWolfe.CyclicUpdate() UPDATE_STEP: DataType[FrankWolfe.FrankWolfeStep, FrankWolfe.FrankWolfeStep, FrankWolfe.FrankWolfeStep]

-------------------------------------------------------------------------------------------------
  Type     Iteration         Primal           Dual       Dual Gap           Time         It/sec
-------------------------------------------------------------------------------------------------[s
     I             1   8.999448e+05   8.497287e+05   5.021606e+04   0.000000e+00            Inf[s
    FW         50000   8.777046e+05   8.777038e+05   7.939391e-01   4.091049e+00   1.222181e+04[s
    FW        100000   8.777041e+05   8.777037e+05   4.189626e-01   6.911981e+00   1.446763e+04[s
    FW        150000   8.777040e+05   8.777037e+05   2.544347e-01   9.563653e+00   1.568438e+04[s
    FW        200000   8.777039e+05   8.777037e+05   1.983742e-01   1.203146e+01   1.662309e+04[s
    FW        250000   8.777038e+05   8.777037e+05   1.647367e-01   1.458524e+01   1.714061e+04[s
    FW        300000   8.777038e+05   8.777037e+05   1.211919e-01   1.729573e+01   1.734532e+04[s
    FW        350000   8.777038e+05   8.777037e+05   1.209181e-01   1.998733e+01   1.751109e+04[s
    FW        400000   8.777038e+05   8.777037e+05   9.738644e-02   2.280928e+01   1.753672e+04[s
    FW        450000   8.777038e+05   8.777037e+05   1.005693e-01   2.566266e+01   1.753521e+04[s
    FW        500000   8.777038e+05   8.777037e+05   7.948897e-02   2.863591e+01   1.746059e+04[s
  Last        500001   8.777038e+05   8.777037e+05   7.793680e-02   2.887486e+01   1.731614e+04
-------------------------------------------------------------------------------------------------[s



 ----------> Block-coordinate BPCG

Block coordinate Frank-Wolfe (BCFW).
MEMORY_MODE: FrankWolfe.InplaceEmphasis() STEPSIZE: DataType[FrankWolfe.Shortstep{Int64}, FrankWolfe.Shortstep{Int64}, FrankWolfe.Shortstep{Int64}] EPSILON: 1.0e-9 MAXITERATION: 500000 TYPE: Float64
MOMENTUM: nothing GRADIENTTYPE: FrankWolfe.BlockVector{Float64, Vector{Float64}, Tuple{Int64}} UPDATE_ORDER: FrankWolfe.CyclicUpdate() UPDATE_STEP: DataType[FrankWolfe.BPCGStep, FrankWolfe.BPCGStep, FrankWolfe.BPCGStep]

-------------------------------------------------------------------------------------------------
  Type     Iteration         Primal           Dual       Dual Gap           Time         It/sec
-------------------------------------------------------------------------------------------------[s
     I             1   8.999448e+05   8.497287e+05   5.021606e+04   0.000000e+00            Inf[s
  Last           329   8.777037e+05   8.777037e+05   6.984919e-10   9.636563e-01   3.414080e+02
-------------------------------------------------------------------------------------------------[s



 ----------> Block-coordinate BPCG over FULL product (i.e., BC with full BPCG updates)

Block coordinate Frank-Wolfe (BCFW).
MEMORY_MODE: FrankWolfe.InplaceEmphasis() STEPSIZE: DataType[FrankWolfe.Shortstep{Int64}, FrankWolfe.Shortstep{Int64}, FrankWolfe.Shortstep{Int64}] EPSILON: 1.0e-9 MAXITERATION: 500000 TYPE: Float64
MOMENTUM: nothing GRADIENTTYPE: FrankWolfe.BlockVector{Float64, Vector{Float64}, Tuple{Int64}} UPDATE_ORDER: FrankWolfe.FullUpdate() UPDATE_STEP: DataType[FrankWolfe.BPCGStep, FrankWolfe.BPCGStep, FrankWolfe.BPCGStep]

-------------------------------------------------------------------------------------------------
  Type     Iteration         Primal           Dual       Dual Gap           Time         It/sec
-------------------------------------------------------------------------------------------------[s
     I             1   9.030900e+05   8.523645e+05   5.072546e+04   0.000000e+00            Inf[s
  Last           330   8.777037e+05   8.777037e+05   9.313226e-10   1.969655e-01   1.675420e+03
-------------------------------------------------------------------------------------------------[s



 ----------> BPCG over full product LMO

Blended Pairwise Conditional Gradient Algorithm.
MEMORY_MODE: FrankWolfe.InplaceEmphasis() STEPSIZE: Shortstep EPSILON: 1.0e-9 MAXITERATION: 500000 TYPE: Float64
GRADIENTTYPE: FrankWolfe.BlockVector{Float64, Vector{Float64}, Tuple{Int64}} LAZY: false lazy_tolerance: 2.0
LMO: FrankWolfe.ProductLMO{3, Tuple{FrankWolfe.ProbabilitySimplexOracle{Float64}, FrankWolfe.ProbabilitySimplexOracle{Float64}, FrankWolfe.ScaledBoundLInfNormBall{Float64, 1, Vector{Float64}, Vector{Float64}}}}

----------------------------------------------------------------------------------------------------------------
  Type     Iteration         Primal           Dual       Dual Gap           Time         It/sec     #ActiveSet
----------------------------------------------------------------------------------------------------------------[s
     I             1   9.290933e+05   8.783679e+05   5.072546e+04   0.000000e+00            Inf              1[s
  Last          6898   8.777037e+05   8.777037e+05   1.164153e-09   2.182036e+00   3.161268e+03             74
----------------------------------------------------------------------------------------------------------------[s
    PP          6898   8.777037e+05   8.777037e+05   1.164153e-09   2.276177e+00   3.030520e+03             74
----------------------------------------------------------------------------------------------------------------[s



---------------------------------------------------------
---------------------------------------------------------
LMOs: DataType[FrankWolfe.ProbabilitySimplexOracle{Float64}, FrankWolfe.ProbabilitySimplexOracle{Float64}, FrankWolfe.ScaledBoundL1NormBall{Float64, 1, Vector{Float64}, Vector{Float64}}]
---------------------------------------------------------
---------------------------------------------------------



 ----------> Block-coordinate vanilla FW

Block coordinate Frank-Wolfe (BCFW).
MEMORY_MODE: FrankWolfe.InplaceEmphasis() STEPSIZE: DataType[FrankWolfe.Shortstep{Int64}, FrankWolfe.Shortstep{Int64}, FrankWolfe.Shortstep{Int64}] EPSILON: 1.0e-9 MAXITERATION: 500000 TYPE: Float64
MOMENTUM: nothing GRADIENTTYPE: FrankWolfe.BlockVector{Float64, Vector{Float64}, Tuple{Int64}} UPDATE_ORDER: FrankWolfe.CyclicUpdate() UPDATE_STEP: DataType[FrankWolfe.FrankWolfeStep, FrankWolfe.FrankWolfeStep, FrankWolfe.FrankWolfeStep]

-------------------------------------------------------------------------------------------------
  Type     Iteration         Primal           Dual       Dual Gap           Time         It/sec
-------------------------------------------------------------------------------------------------[s
     I             1   5.787537e+08   5.719029e+08   6.850760e+06   0.000000e+00            Inf[s
    FW         50000   5.734807e+08   5.734807e+08   8.784068e-01   2.505171e+00   1.995872e+04[s
    FW        100000   5.734807e+08   5.734807e+08   4.873566e-01   4.944284e+00   2.022537e+04[s
    FW        150000   5.734807e+08   5.734807e+08   2.908606e-01   7.479428e+00   2.005501e+04[s
    FW        200000   5.734807e+08   5.734807e+08   2.393921e-01   1.005623e+01   1.988817e+04[s
    FW        250000   5.734807e+08   5.734807e+08   2.137762e-01   1.277032e+01   1.957664e+04[s
    FW        300000   5.734807e+08   5.734807e+08   1.317282e-01   1.555051e+01   1.929198e+04[s
    FW        350000   5.734807e+08   5.734807e+08   1.547814e-01   1.835127e+01   1.907225e+04[s
    FW        400000   5.734807e+08   5.734807e+08   1.368676e-01   2.130011e+01   1.877924e+04[s
    FW        450000   5.734807e+08   5.734807e+08   8.970804e-02   2.429593e+01   1.852162e+04[s
    FW        500000   5.734807e+08   5.734807e+08   8.252034e-02   2.735929e+01   1.827533e+04[s
  Last        500001   5.734807e+08   5.734807e+08   7.571363e-02   2.750174e+01   1.818071e+04
-------------------------------------------------------------------------------------------------[s



 ----------> Block-coordinate BPCG

Block coordinate Frank-Wolfe (BCFW).
MEMORY_MODE: FrankWolfe.InplaceEmphasis() STEPSIZE: DataType[FrankWolfe.Shortstep{Int64}, FrankWolfe.Shortstep{Int64}, FrankWolfe.Shortstep{Int64}] EPSILON: 1.0e-9 MAXITERATION: 500000 TYPE: Float64
MOMENTUM: nothing GRADIENTTYPE: FrankWolfe.BlockVector{Float64, Vector{Float64}, Tuple{Int64}} UPDATE_ORDER: FrankWolfe.CyclicUpdate() UPDATE_STEP: DataType[FrankWolfe.BPCGStep, FrankWolfe.BPCGStep, FrankWolfe.BPCGStep]

-------------------------------------------------------------------------------------------------
  Type     Iteration         Primal           Dual       Dual Gap           Time         It/sec
-------------------------------------------------------------------------------------------------[s
     I             1   5.787537e+08   5.719029e+08   6.850760e+06   0.000000e+00            Inf[s
     P         50000   5.734807e+08   5.734807e+08   1.192020e-07   4.031915e+00   1.240106e+04[s
     P        100000   5.734807e+08   5.734807e+08   1.192020e-07   7.954284e+00   1.257184e+04[s
     P        150000   5.734807e+08   5.734807e+08   1.192020e-07   1.193615e+01   1.256687e+04[s
     P        200000   5.734807e+08   5.734807e+08   1.192020e-07   1.607302e+01   1.244322e+04[s
     P        250000   5.734807e+08   5.734807e+08   1.192020e-07   2.027268e+01   1.233187e+04[s
     P        300000   5.734807e+08   5.734807e+08   1.192020e-07   2.453520e+01   1.222733e+04[s
     P        350000   5.734807e+08   5.734807e+08   1.192020e-07   2.902137e+01   1.206008e+04[s
     P        400000   5.734807e+08   5.734807e+08   1.192020e-07   3.354533e+01   1.192416e+04[s
     P        450000   5.734807e+08   5.734807e+08   1.192020e-07   3.818729e+01   1.178402e+04[s
     P        500000   5.734807e+08   5.734807e+08   1.192020e-07   4.289517e+01   1.165632e+04[s
  Last        500001   5.734807e+08   5.734807e+08   1.192093e-07   4.289633e+01   1.165603e+04
-------------------------------------------------------------------------------------------------[s



 ----------> Block-coordinate BPCG over FULL product (i.e., BC with full BPCG updates)

Block coordinate Frank-Wolfe (BCFW).
MEMORY_MODE: FrankWolfe.InplaceEmphasis() STEPSIZE: DataType[FrankWolfe.Shortstep{Int64}, FrankWolfe.Shortstep{Int64}, FrankWolfe.Shortstep{Int64}] EPSILON: 1.0e-9 MAXITERATION: 500000 TYPE: Float64
MOMENTUM: nothing GRADIENTTYPE: FrankWolfe.BlockVector{Float64, Vector{Float64}, Tuple{Int64}} UPDATE_ORDER: FrankWolfe.FullUpdate() UPDATE_STEP: DataType[FrankWolfe.BPCGStep, FrankWolfe.BPCGStep, FrankWolfe.BPCGStep]

-------------------------------------------------------------------------------------------------
  Type     Iteration         Primal           Dual       Dual Gap           Time         It/sec
-------------------------------------------------------------------------------------------------[s
     I             1   5.793626e+08   5.725723e+08   6.790303e+06   0.000000e+00            Inf[s
  Last           154   5.734807e+08   5.734807e+08   1.192093e-07   6.595286e-03   2.335001e+04
-------------------------------------------------------------------------------------------------[s



 ----------> BPCG over full product LMO

Blended Pairwise Conditional Gradient Algorithm.
MEMORY_MODE: FrankWolfe.InplaceEmphasis() STEPSIZE: Shortstep EPSILON: 1.0e-9 MAXITERATION: 500000 TYPE: Float64
GRADIENTTYPE: FrankWolfe.BlockVector{Float64, Vector{Float64}, Tuple{Int64}} LAZY: false lazy_tolerance: 2.0
LMO: FrankWolfe.ProductLMO{3, Tuple{FrankWolfe.ProbabilitySimplexOracle{Float64}, FrankWolfe.ProbabilitySimplexOracle{Float64}, FrankWolfe.ScaledBoundL1NormBall{Float64, 1, Vector{Float64}, Vector{Float64}}}}

----------------------------------------------------------------------------------------------------------------
  Type     Iteration         Primal           Dual       Dual Gap           Time         It/sec     #ActiveSet
----------------------------------------------------------------------------------------------------------------[s
     I             1   5.862043e+08   5.794140e+08   6.790303e+06   0.000000e+00            Inf              1[s
     P         50000   5.734807e+08   5.734807e+08   3.449774e-02   9.156869e+00   5.460382e+03             35[s
     P        100000   5.734807e+08   5.734807e+08   3.576279e-07   1.836448e+01   5.445295e+03             38[s
  Last        103023   5.734807e+08   5.734807e+08   1.192093e-07   1.893490e+01   5.440906e+03             38
----------------------------------------------------------------------------------------------------------------[s
    PP        103023   5.734807e+08   5.734807e+08   1.192093e-07   1.904591e+01   5.409193e+03             38
----------------------------------------------------------------------------------------------------------------[s



---------------------------------------------------------
---------------------------------------------------------
LMOs: DataType[FrankWolfe.ProbabilitySimplexOracle{Float64}, FrankWolfe.ScaledBoundLInfNormBall{Float64, 1, Vector{Float64}, Vector{Float64}}, FrankWolfe.ScaledBoundL1NormBall{Float64, 1, Vector{Float64}, Vector{Float64}}]
---------------------------------------------------------
---------------------------------------------------------



 ----------> Block-coordinate vanilla FW

Block coordinate Frank-Wolfe (BCFW).
MEMORY_MODE: FrankWolfe.InplaceEmphasis() STEPSIZE: DataType[FrankWolfe.Shortstep{Int64}, FrankWolfe.Shortstep{Int64}, FrankWolfe.Shortstep{Int64}] EPSILON: 1.0e-9 MAXITERATION: 500000 TYPE: Float64
MOMENTUM: nothing GRADIENTTYPE: FrankWolfe.BlockVector{Float64, Vector{Float64}, Tuple{Int64}} UPDATE_ORDER: FrankWolfe.CyclicUpdate() UPDATE_STEP: DataType[FrankWolfe.FrankWolfeStep, FrankWolfe.FrankWolfeStep, FrankWolfe.FrankWolfeStep]

-------------------------------------------------------------------------------------------------
  Type     Iteration         Primal           Dual       Dual Gap           Time         It/sec
-------------------------------------------------------------------------------------------------[s
     I             1   4.876582e+08   4.390743e+08   4.858392e+07   0.000000e+00            Inf[s
    FW         50000   4.823532e+08   4.823531e+08   1.070164e+02   2.784718e+00   1.795514e+04[s
    FW        100000   4.823531e+08   4.823531e+08   5.355704e+01   5.535114e+00   1.806648e+04[s
    FW        150000   4.823531e+08   4.823530e+08   4.284444e+01   8.350417e+00   1.796317e+04[s
    FW        200000   4.823531e+08   4.823531e+08   2.719342e+01   1.129659e+01   1.770445e+04[s
    FW        250000   4.823531e+08   4.823531e+08   2.223326e+01   1.428156e+01   1.750510e+04[s
    FW        300000   4.823531e+08   4.823531e+08   1.765098e+01   1.727983e+01   1.736129e+04[s
    FW        350000   4.823531e+08   4.823531e+08   1.750272e+01   2.031865e+01   1.722555e+04[s
    FW        400000   4.823531e+08   4.823531e+08   1.405916e+01   2.343286e+01   1.707004e+04[s
    FW        450000   4.823531e+08   4.823531e+08   1.080409e+01   2.660396e+01   1.691478e+04[s
    FW        500000   4.823531e+08   4.823531e+08   1.220602e+01   2.987169e+01   1.673825e+04[s
  Last        500001   4.823531e+08   4.823531e+08   1.165999e+01   3.000971e+01   1.666131e+04
-------------------------------------------------------------------------------------------------[s



 ----------> Block-coordinate BPCG

Block coordinate Frank-Wolfe (BCFW).
MEMORY_MODE: FrankWolfe.InplaceEmphasis() STEPSIZE: DataType[FrankWolfe.Shortstep{Int64}, FrankWolfe.Shortstep{Int64}, FrankWolfe.Shortstep{Int64}] EPSILON: 1.0e-9 MAXITERATION: 500000 TYPE: Float64
MOMENTUM: nothing GRADIENTTYPE: FrankWolfe.BlockVector{Float64, Vector{Float64}, Tuple{Int64}} UPDATE_ORDER: FrankWolfe.CyclicUpdate() UPDATE_STEP: DataType[FrankWolfe.BPCGStep, FrankWolfe.BPCGStep, FrankWolfe.BPCGStep]

-------------------------------------------------------------------------------------------------
  Type     Iteration         Primal           Dual       Dual Gap           Time         It/sec
-------------------------------------------------------------------------------------------------[s
     I             1   4.876582e+08   4.390743e+08   4.858392e+07   0.000000e+00            Inf[s
  Last           190   4.823531e+08   4.823531e+08   0.000000e+00   1.262428e-01   1.505036e+03
-------------------------------------------------------------------------------------------------[s



 ----------> Block-coordinate BPCG over FULL product (i.e., BC with full BPCG updates)

Block coordinate Frank-Wolfe (BCFW).
MEMORY_MODE: FrankWolfe.InplaceEmphasis() STEPSIZE: DataType[FrankWolfe.Shortstep{Int64}, FrankWolfe.Shortstep{Int64}, FrankWolfe.Shortstep{Int64}] EPSILON: 1.0e-9 MAXITERATION: 500000 TYPE: Float64
MOMENTUM: nothing GRADIENTTYPE: FrankWolfe.BlockVector{Float64, Vector{Float64}, Tuple{Int64}} UPDATE_ORDER: FrankWolfe.FullUpdate() UPDATE_STEP: DataType[FrankWolfe.BPCGStep, FrankWolfe.BPCGStep, FrankWolfe.BPCGStep]

-------------------------------------------------------------------------------------------------
  Type     Iteration         Primal           Dual       Dual Gap           Time         It/sec
-------------------------------------------------------------------------------------------------[s
     I             1   4.881516e+08   4.391372e+08   4.901437e+07   0.000000e+00            Inf[s
  Last           195   4.823531e+08   4.823531e+08   0.000000e+00   6.076155e-03   3.209266e+04
-------------------------------------------------------------------------------------------------[s



 ----------> BPCG over full product LMO

Blended Pairwise Conditional Gradient Algorithm.
MEMORY_MODE: FrankWolfe.InplaceEmphasis() STEPSIZE: Shortstep EPSILON: 1.0e-9 MAXITERATION: 500000 TYPE: Float64
GRADIENTTYPE: FrankWolfe.BlockVector{Float64, Vector{Float64}, Tuple{Int64}} LAZY: false lazy_tolerance: 2.0
LMO: FrankWolfe.ProductLMO{3, Tuple{FrankWolfe.ProbabilitySimplexOracle{Float64}, FrankWolfe.ScaledBoundLInfNormBall{Float64, 1, Vector{Float64}, Vector{Float64}}, FrankWolfe.ScaledBoundL1NormBall{Float64, 1, Vector{Float64}, Vector{Float64}}}}

----------------------------------------------------------------------------------------------------------------
  Type     Iteration         Primal           Dual       Dual Gap           Time         It/sec     #ActiveSet
----------------------------------------------------------------------------------------------------------------[s
     I             1   5.641715e+08   5.151571e+08   4.901437e+07   0.000000e+00            Inf              1[s
     P         50000   4.823531e+08   4.823531e+08   6.526709e-05   9.190280e+00   5.440530e+03             42[s
  Last         71107   4.823531e+08   4.823531e+08   1.192093e-07   1.322623e+01   5.376209e+03             44
----------------------------------------------------------------------------------------------------------------[s
    PP         71107   4.823531e+08   4.823531e+08   1.192093e-07   1.333627e+01   5.331850e+03             44
----------------------------------------------------------------------------------------------------------------[s



---------------------------------------------------------
---------------------------------------------------------
LMOs: DataType[FrankWolfe.ProbabilitySimplexOracle{Float64}, FrankWolfe.ScaledBoundLInfNormBall{Float64, 1, Vector{Float64}, Vector{Float64}}, FrankWolfe.ScaledBoundL1NormBall{Float64, 1, Vector{Float64}, Vector{Float64}}]
---------------------------------------------------------
---------------------------------------------------------



 ----------> Block-coordinate vanilla FW

Block coordinate Frank-Wolfe (BCFW).
MEMORY_MODE: FrankWolfe.InplaceEmphasis() STEPSIZE: DataType[FrankWolfe.Shortstep{Int64}, FrankWolfe.Shortstep{Int64}, FrankWolfe.Shortstep{Int64}] EPSILON: 1.0e-9 MAXITERATION: 500000 TYPE: Float64
MOMENTUM: nothing GRADIENTTYPE: FrankWolfe.BlockVector{Float64, Vector{Float64}, Tuple{Int64}} UPDATE_ORDER: FrankWolfe.CyclicUpdate() UPDATE_STEP: DataType[FrankWolfe.FrankWolfeStep, FrankWolfe.FrankWolfeStep, FrankWolfe.FrankWolfeStep]

-------------------------------------------------------------------------------------------------
  Type     Iteration         Primal           Dual       Dual Gap           Time         It/sec
-------------------------------------------------------------------------------------------------[s
     I             1   4.880776e+08   4.396933e+08   4.838434e+07   0.000000e+00            Inf[s
    FW         50000   4.827825e+08   4.827824e+08   1.081913e+02   2.522750e+00   1.981964e+04[s
    FW        100000   4.827825e+08   4.827824e+08   5.655886e+01   5.199127e+00   1.923400e+04[s
    FW        150000   4.827825e+08   4.827824e+08   3.873967e+01   7.952445e+00   1.886212e+04[s
    FW        200000   4.827825e+08   4.827824e+08   2.473073e+01   1.087951e+01   1.838319e+04[s
    FW        250000   4.827825e+08   4.827824e+08   2.240722e+01   1.377447e+01   1.814952e+04[s
    FW        300000   4.827824e+08   4.827824e+08   1.593999e+01   1.675934e+01   1.790046e+04[s
    FW        350000   4.827824e+08   4.827824e+08   1.439652e+01   1.980221e+01   1.767480e+04[s
    FW        400000   4.827824e+08   4.827824e+08   1.220834e+01   2.284388e+01   1.751016e+04[s
    FW        450000   4.827824e+08   4.827824e+08   1.196853e+01   2.605899e+01   1.726851e+04[s
    FW        500000   4.827824e+08   4.827824e+08   9.876662e+00   2.929247e+01   1.706924e+04[s
  Last        500001   4.827824e+08   4.827824e+08   1.099130e+01   2.929369e+01   1.706856e+04
-------------------------------------------------------------------------------------------------[s



 ----------> Block-coordinate BPCG

Block coordinate Frank-Wolfe (BCFW).
MEMORY_MODE: FrankWolfe.InplaceEmphasis() STEPSIZE: DataType[FrankWolfe.Shortstep{Int64}, FrankWolfe.Shortstep{Int64}, FrankWolfe.Shortstep{Int64}] EPSILON: 1.0e-9 MAXITERATION: 500000 TYPE: Float64
MOMENTUM: nothing GRADIENTTYPE: FrankWolfe.BlockVector{Float64, Vector{Float64}, Tuple{Int64}} UPDATE_ORDER: FrankWolfe.CyclicUpdate() UPDATE_STEP: DataType[FrankWolfe.BPCGStep, FrankWolfe.BPCGStep, FrankWolfe.BPCGStep]

-------------------------------------------------------------------------------------------------
  Type     Iteration         Primal           Dual       Dual Gap           Time         It/sec
-------------------------------------------------------------------------------------------------[s
     I             1   4.880776e+08   4.396933e+08   4.838434e+07   0.000000e+00            Inf[s
  Last           150   4.827824e+08   4.827824e+08   1.192093e-07   1.633865e-02   9.180685e+03
-------------------------------------------------------------------------------------------------[s



 ----------> Block-coordinate BPCG over FULL product (i.e., BC with full BPCG updates)

Block coordinate Frank-Wolfe (BCFW).
MEMORY_MODE: FrankWolfe.InplaceEmphasis() STEPSIZE: DataType[FrankWolfe.Shortstep{Int64}, FrankWolfe.Shortstep{Int64}, FrankWolfe.Shortstep{Int64}] EPSILON: 1.0e-9 MAXITERATION: 500000 TYPE: Float64
MOMENTUM: nothing GRADIENTTYPE: FrankWolfe.BlockVector{Float64, Vector{Float64}, Tuple{Int64}} UPDATE_ORDER: FrankWolfe.FullUpdate() UPDATE_STEP: DataType[FrankWolfe.BPCGStep, FrankWolfe.BPCGStep, FrankWolfe.BPCGStep]

-------------------------------------------------------------------------------------------------
  Type     Iteration         Primal           Dual       Dual Gap           Time         It/sec
-------------------------------------------------------------------------------------------------[s
     I             1   4.882040e+08   4.393325e+08   4.887144e+07   0.000000e+00            Inf[s
  Last           139   4.827824e+08   4.827824e+08   5.960464e-08   4.772252e-03   2.912671e+04
-------------------------------------------------------------------------------------------------[s



 ----------> BPCG over full product LMO

Blended Pairwise Conditional Gradient Algorithm.
MEMORY_MODE: FrankWolfe.InplaceEmphasis() STEPSIZE: Shortstep EPSILON: 1.0e-9 MAXITERATION: 500000 TYPE: Float64
GRADIENTTYPE: FrankWolfe.BlockVector{Float64, Vector{Float64}, Tuple{Int64}} LAZY: false lazy_tolerance: 2.0
LMO: FrankWolfe.ProductLMO{3, Tuple{FrankWolfe.ProbabilitySimplexOracle{Float64}, FrankWolfe.ScaledBoundLInfNormBall{Float64, 1, Vector{Float64}, Vector{Float64}}, FrankWolfe.ScaledBoundL1NormBall{Float64, 1, Vector{Float64}, Vector{Float64}}}}

----------------------------------------------------------------------------------------------------------------
  Type     Iteration         Primal           Dual       Dual Gap           Time         It/sec     #ActiveSet
----------------------------------------------------------------------------------------------------------------[s
     I             1   5.642668e+08   5.153953e+08   4.887144e+07   0.000000e+00            Inf              1[s
     P         50000   4.827824e+08   4.827824e+08   1.858610e-02   8.789279e+00   5.688748e+03             29[s
     P        100000   4.827824e+08   4.827824e+08   3.165007e-05   1.756130e+01   5.694338e+03             29[s
  Last        143962   4.827824e+08   4.827824e+08   1.788139e-07   2.536537e+01   5.675534e+03             30
----------------------------------------------------------------------------------------------------------------[s
    PP        143962   4.827824e+08   4.827824e+08   1.788139e-07   2.536663e+01   5.675251e+03             30
----------------------------------------------------------------------------------------------------------------[s
[ Info: In memory_mode memory iterates are written back into x0!
[ Info: In memory_mode memory iterates are written back into x0!
[ Info: In memory_mode memory iterates are written back into x0!
[ Info: In memory_mode memory iterates are written back into x0!
[ Info: In memory_mode memory iterates are written back into x0!
[ Info: In memory_mode memory iterates are written back into x0!
[ Info: In memory_mode memory iterates are written back into x0!
[ Info: In memory_mode memory iterates are written back into x0!
[ Info: In memory_mode memory iterates are written back into x0!
[ Info: In memory_mode memory iterates are written back into x0!
[ Info: In memory_mode memory iterates are written back into x0!
[ Info: In memory_mode memory iterates are written back into x0!
