k: 2, n: 1000, target_tolerance: 1.0e-9, max_iterations: 500000, seed: 42



---------------------------------------------------------
---------------------------------------------------------
LMOs: DataType[FrankWolfe.ProbabilitySimplexOracle{Float64}, FrankWolfe.ProbabilitySimplexOracle{Float64}]
---------------------------------------------------------
---------------------------------------------------------



 ----------> Block-coordinate vanilla FW

Block coordinate Frank-Wolfe (BCFW).
MEMORY_MODE: FrankWolfe.InplaceEmphasis() STEPSIZE: DataType[FrankWolfe.Shortstep{Int64}, FrankWolfe.Shortstep{Int64}] EPSILON: 1.0e-9 MAXITERATION: 500000 TYPE: Float64
MOMENTUM: nothing GRADIENTTYPE: FrankWolfe.BlockVector{Float64, Vector{Float64}, Tuple{Int64}} UPDATE_ORDER: FrankWolfe.CyclicUpdate() UPDATE_STEP: DataType[FrankWolfe.FrankWolfeStep, FrankWolfe.FrankWolfeStep]

-------------------------------------------------------------------------------------------------
  Type     Iteration         Primal           Dual       Dual Gap           Time         It/sec
-------------------------------------------------------------------------------------------------[s
     I             1   7.031250e+03  -7.968750e+03   1.500000e+04   0.000000e+00            Inf[s
  Last         34140   1.125000e+01   1.125000e+01   9.980674e-10   2.846145e+00   1.199517e+04
-------------------------------------------------------------------------------------------------[s



 ----------> Block-coordinate BPCG

Block coordinate Frank-Wolfe (BCFW).
MEMORY_MODE: FrankWolfe.InplaceEmphasis() STEPSIZE: DataType[FrankWolfe.Shortstep{Int64}, FrankWolfe.Shortstep{Int64}] EPSILON: 1.0e-9 MAXITERATION: 500000 TYPE: Float64
MOMENTUM: nothing GRADIENTTYPE: FrankWolfe.BlockVector{Float64, Vector{Float64}, Tuple{Int64}} UPDATE_ORDER: FrankWolfe.CyclicUpdate() UPDATE_STEP: DataType[FrankWolfe.BPCGStep, FrankWolfe.BPCGStep]

-------------------------------------------------------------------------------------------------
  Type     Iteration         Primal           Dual       Dual Gap           Time         It/sec
-------------------------------------------------------------------------------------------------[s
     I             1   7.031250e+03  -7.968750e+03   1.500000e+04   0.000000e+00            Inf[s
  Last         17176   1.125000e+01   1.125000e+01   1.347335e-09   2.332756e+00   7.362963e+03
-------------------------------------------------------------------------------------------------[s



 ----------> Block-coordinate BPCG over FULL product (i.e., BC with full BPCG updates)

Block coordinate Frank-Wolfe (BCFW).
MEMORY_MODE: FrankWolfe.InplaceEmphasis() STEPSIZE: DataType[FrankWolfe.Shortstep{Int64}, FrankWolfe.Shortstep{Int64}] EPSILON: 1.0e-9 MAXITERATION: 500000 TYPE: Float64
MOMENTUM: nothing GRADIENTTYPE: FrankWolfe.BlockVector{Float64, Vector{Float64}, Tuple{Int64}} UPDATE_ORDER: FrankWolfe.FullUpdate() UPDATE_STEP: DataType[FrankWolfe.BPCGStep, FrankWolfe.BPCGStep]

-------------------------------------------------------------------------------------------------
  Type     Iteration         Primal           Dual       Dual Gap           Time         It/sec
-------------------------------------------------------------------------------------------------[s
     I             1   7.031250e+03  -7.968750e+03   1.500000e+04   0.000000e+00            Inf[s
  Last         17392   1.125000e+01   1.125000e+01   9.345751e-10   1.628553e+00   1.067942e+04
-------------------------------------------------------------------------------------------------[s



 ----------> BPCG over full product LMO

Blended Pairwise Conditional Gradient Algorithm.
MEMORY_MODE: FrankWolfe.InplaceEmphasis() STEPSIZE: Shortstep EPSILON: 1.0e-9 MAXITERATION: 500000 TYPE: Float64
GRADIENTTYPE: FrankWolfe.BlockVector{Float64, Vector{Float64}, Tuple{Int64}} LAZY: false lazy_tolerance: 2.0
LMO: FrankWolfe.ProductLMO{2, Tuple{FrankWolfe.ProbabilitySimplexOracle{Float64}, FrankWolfe.ProbabilitySimplexOracle{Float64}}}

----------------------------------------------------------------------------------------------------------------
  Type     Iteration         Primal           Dual       Dual Gap           Time         It/sec     #ActiveSet
----------------------------------------------------------------------------------------------------------------[s
     I             1   1.125000e+04  -3.750000e+03   1.500000e+04   0.000000e+00            Inf              1[s
  Last         21861   1.125000e+01   1.125000e+01   9.764349e-10   2.345820e+00   9.319128e+03           1000
----------------------------------------------------------------------------------------------------------------[s
    PP         21861   1.125000e+01   1.125000e+01   9.764349e-10   2.426230e+00   9.010274e+03           1000
----------------------------------------------------------------------------------------------------------------[s



---------------------------------------------------------
---------------------------------------------------------
LMOs: DataType[FrankWolfe.ProbabilitySimplexOracle{Float64}, FrankWolfe.ScaledBoundLInfNormBall{Float64, 1, Vector{Float64}, Vector{Float64}}]
---------------------------------------------------------
---------------------------------------------------------



 ----------> Block-coordinate vanilla FW

Block coordinate Frank-Wolfe (BCFW).
MEMORY_MODE: FrankWolfe.InplaceEmphasis() STEPSIZE: DataType[FrankWolfe.Shortstep{Int64}, FrankWolfe.Shortstep{Int64}] EPSILON: 1.0e-9 MAXITERATION: 500000 TYPE: Float64
MOMENTUM: nothing GRADIENTTYPE: FrankWolfe.BlockVector{Float64, Vector{Float64}, Tuple{Int64}} UPDATE_ORDER: FrankWolfe.CyclicUpdate() UPDATE_STEP: DataType[FrankWolfe.FrankWolfeStep, FrankWolfe.FrankWolfeStep]

-------------------------------------------------------------------------------------------------
  Type     Iteration         Primal           Dual       Dual Gap           Time         It/sec
-------------------------------------------------------------------------------------------------[s
     I             1   1.688972e+06   1.656827e+06   3.214478e+04   0.000000e+00            Inf[s
    FW         50000   1.672899e+06   1.672899e+06   7.889621e-01   2.563195e+00   1.950690e+04[s
    FW        100000   1.672899e+06   1.672898e+06   4.096199e-01   5.116663e+00   1.954399e+04[s
    FW        150000   1.672899e+06   1.672898e+06   2.544196e-01   7.790340e+00   1.925461e+04[s
    FW        200000   1.672899e+06   1.672898e+06   1.878389e-01   1.055658e+01   1.894552e+04[s
    FW        250000   1.672899e+06   1.672898e+06   1.592007e-01   1.347838e+01   1.854822e+04[s
    FW        300000   1.672898e+06   1.672898e+06   1.270508e-01   1.652995e+01   1.814887e+04[s
    FW        350000   1.672898e+06   1.672898e+06   1.165705e-01   1.974417e+01   1.772676e+04[s
    FW        400000   1.672898e+06   1.672898e+06   9.645385e-02   2.307237e+01   1.733675e+04[s
    FW        450000   1.672898e+06   1.672898e+06   8.946607e-02   2.652588e+01   1.696456e+04[s
    FW        500000   1.672898e+06   1.672898e+06   7.624044e-02   3.012381e+01   1.659817e+04[s
  Last        500001   1.672898e+06   1.672898e+06   7.546702e-02   3.032629e+01   1.648738e+04
-------------------------------------------------------------------------------------------------[s



 ----------> Block-coordinate BPCG

Block coordinate Frank-Wolfe (BCFW).
MEMORY_MODE: FrankWolfe.InplaceEmphasis() STEPSIZE: DataType[FrankWolfe.Shortstep{Int64}, FrankWolfe.Shortstep{Int64}] EPSILON: 1.0e-9 MAXITERATION: 500000 TYPE: Float64
MOMENTUM: nothing GRADIENTTYPE: FrankWolfe.BlockVector{Float64, Vector{Float64}, Tuple{Int64}} UPDATE_ORDER: FrankWolfe.CyclicUpdate() UPDATE_STEP: DataType[FrankWolfe.BPCGStep, FrankWolfe.BPCGStep]

-------------------------------------------------------------------------------------------------
  Type     Iteration         Primal           Dual       Dual Gap           Time         It/sec
-------------------------------------------------------------------------------------------------[s
     I             1   1.688972e+06   1.656827e+06   3.214478e+04   0.000000e+00            Inf[s
  Last          1357   1.672898e+06   1.672898e+06   9.313226e-10   6.151779e-01   2.205866e+03
-------------------------------------------------------------------------------------------------[s



 ----------> Block-coordinate BPCG over FULL product (i.e., BC with full BPCG updates)

Block coordinate Frank-Wolfe (BCFW).
MEMORY_MODE: FrankWolfe.InplaceEmphasis() STEPSIZE: DataType[FrankWolfe.Shortstep{Int64}, FrankWolfe.Shortstep{Int64}] EPSILON: 1.0e-9 MAXITERATION: 500000 TYPE: Float64
MOMENTUM: nothing GRADIENTTYPE: FrankWolfe.BlockVector{Float64, Vector{Float64}, Tuple{Int64}} UPDATE_ORDER: FrankWolfe.FullUpdate() UPDATE_STEP: DataType[FrankWolfe.BPCGStep, FrankWolfe.BPCGStep]

-------------------------------------------------------------------------------------------------
  Type     Iteration         Primal           Dual       Dual Gap           Time         It/sec
-------------------------------------------------------------------------------------------------[s
     I             1   1.688310e+06   1.653713e+06   3.459710e+04   0.000000e+00            Inf[s
  Last          1360   1.672898e+06   1.672898e+06   9.313226e-10   1.216334e-01   1.118114e+04
-------------------------------------------------------------------------------------------------[s



 ----------> BPCG over full product LMO

Blended Pairwise Conditional Gradient Algorithm.
MEMORY_MODE: FrankWolfe.InplaceEmphasis() STEPSIZE: Shortstep EPSILON: 1.0e-9 MAXITERATION: 500000 TYPE: Float64
GRADIENTTYPE: FrankWolfe.BlockVector{Float64, Vector{Float64}, Tuple{Int64}} LAZY: false lazy_tolerance: 2.0
LMO: FrankWolfe.ProductLMO{2, Tuple{FrankWolfe.ProbabilitySimplexOracle{Float64}, FrankWolfe.ScaledBoundLInfNormBall{Float64, 1, Vector{Float64}, Vector{Float64}}}}

----------------------------------------------------------------------------------------------------------------
  Type     Iteration         Primal           Dual       Dual Gap           Time         It/sec     #ActiveSet
----------------------------------------------------------------------------------------------------------------[s
     I             1   1.708647e+06   1.674050e+06   3.459710e+04   0.000000e+00            Inf              1[s
  Last          1328   1.672898e+06   1.672898e+06   1.164153e-09   7.899087e-01   1.681207e+03             71
----------------------------------------------------------------------------------------------------------------[s
    PP          1328   1.672898e+06   1.672898e+06   1.164153e-09   8.960876e-01   1.481998e+03             71
----------------------------------------------------------------------------------------------------------------[s



---------------------------------------------------------
---------------------------------------------------------
LMOs: DataType[FrankWolfe.ProbabilitySimplexOracle{Float64}, FrankWolfe.ScaledBoundL1NormBall{Float64, 1, Vector{Float64}, Vector{Float64}}]
---------------------------------------------------------
---------------------------------------------------------



 ----------> Block-coordinate vanilla FW

Block coordinate Frank-Wolfe (BCFW).
MEMORY_MODE: FrankWolfe.InplaceEmphasis() STEPSIZE: DataType[FrankWolfe.Shortstep{Int64}, FrankWolfe.Shortstep{Int64}] EPSILON: 1.0e-9 MAXITERATION: 500000 TYPE: Float64
MOMENTUM: nothing GRADIENTTYPE: FrankWolfe.BlockVector{Float64, Vector{Float64}, Tuple{Int64}} UPDATE_ORDER: FrankWolfe.CyclicUpdate() UPDATE_STEP: DataType[FrankWolfe.FrankWolfeStep, FrankWolfe.FrankWolfeStep]

-------------------------------------------------------------------------------------------------
  Type     Iteration         Primal           Dual       Dual Gap           Time         It/sec
-------------------------------------------------------------------------------------------------[s
     I             1   1.097438e+09   1.093947e+09   3.490854e+06   0.000000e+00            Inf[s
    FW         50000   1.093794e+09   1.093794e+09   1.133805e+02   2.701785e+00   1.850629e+04[s
    FW        100000   1.093794e+09   1.093794e+09   5.600712e+01   5.399689e+00   1.851959e+04[s
    FW        150000   1.093794e+09   1.093794e+09   3.725772e+01   8.251666e+00   1.817815e+04[s
    FW        200000   1.093794e+09   1.093794e+09   2.778781e+01   1.122287e+01   1.782076e+04[s
    FW        250000   1.093794e+09   1.093794e+09   2.280441e+01   1.430263e+01   1.747931e+04[s
    FW        300000   1.093794e+09   1.093794e+09   1.838243e+01   1.762347e+01   1.702275e+04[s
    FW        350000   1.093794e+09   1.093794e+09   1.627613e+01   2.101657e+01   1.665353e+04[s
    FW        400000   1.093794e+09   1.093794e+09   1.370544e+01   2.450420e+01   1.632373e+04[s
    FW        450000   1.093794e+09   1.093794e+09   1.341992e+01   2.813976e+01   1.599161e+04[s
    FW        500000   1.093794e+09   1.093794e+09   1.173011e+01   3.199165e+01   1.562908e+04[s
  Last        500001   1.093794e+09   1.093794e+09   1.105212e+01   3.212804e+01   1.556276e+04
-------------------------------------------------------------------------------------------------[s



 ----------> Block-coordinate BPCG

Block coordinate Frank-Wolfe (BCFW).
MEMORY_MODE: FrankWolfe.InplaceEmphasis() STEPSIZE: DataType[FrankWolfe.Shortstep{Int64}, FrankWolfe.Shortstep{Int64}] EPSILON: 1.0e-9 MAXITERATION: 500000 TYPE: Float64
MOMENTUM: nothing GRADIENTTYPE: FrankWolfe.BlockVector{Float64, Vector{Float64}, Tuple{Int64}} UPDATE_ORDER: FrankWolfe.CyclicUpdate() UPDATE_STEP: DataType[FrankWolfe.BPCGStep, FrankWolfe.BPCGStep]

-------------------------------------------------------------------------------------------------
  Type     Iteration         Primal           Dual       Dual Gap           Time         It/sec
-------------------------------------------------------------------------------------------------[s
     I             1   1.097438e+09   1.093947e+09   3.490854e+06   0.000000e+00            Inf[s
  Last          1607   1.093794e+09   1.093794e+09   0.000000e+00   3.258753e-01   4.931335e+03
-------------------------------------------------------------------------------------------------[s



 ----------> Block-coordinate BPCG over FULL product (i.e., BC with full BPCG updates)

Block coordinate Frank-Wolfe (BCFW).
MEMORY_MODE: FrankWolfe.InplaceEmphasis() STEPSIZE: DataType[FrankWolfe.Shortstep{Int64}, FrankWolfe.Shortstep{Int64}] EPSILON: 1.0e-9 MAXITERATION: 500000 TYPE: Float64
MOMENTUM: nothing GRADIENTTYPE: FrankWolfe.BlockVector{Float64, Vector{Float64}, Tuple{Int64}} UPDATE_ORDER: FrankWolfe.FullUpdate() UPDATE_STEP: DataType[FrankWolfe.BPCGStep, FrankWolfe.BPCGStep]

-------------------------------------------------------------------------------------------------
  Type     Iteration         Primal           Dual       Dual Gap           Time         It/sec
-------------------------------------------------------------------------------------------------[s
     I             1   1.097719e+09   1.094270e+09   3.449047e+06   0.000000e+00            Inf[s
  Last          1703   1.093794e+09   1.093794e+09   4.768372e-07   1.076412e-01   1.582108e+04
-------------------------------------------------------------------------------------------------[s



 ----------> BPCG over full product LMO

Blended Pairwise Conditional Gradient Algorithm.
MEMORY_MODE: FrankWolfe.InplaceEmphasis() STEPSIZE: Shortstep EPSILON: 1.0e-9 MAXITERATION: 500000 TYPE: Float64
GRADIENTTYPE: FrankWolfe.BlockVector{Float64, Vector{Float64}, Tuple{Int64}} LAZY: false lazy_tolerance: 2.0
LMO: FrankWolfe.ProductLMO{2, Tuple{FrankWolfe.ProbabilitySimplexOracle{Float64}, FrankWolfe.ScaledBoundL1NormBall{Float64, 1, Vector{Float64}, Vector{Float64}}}}

----------------------------------------------------------------------------------------------------------------
  Type     Iteration         Primal           Dual       Dual Gap           Time         It/sec     #ActiveSet
----------------------------------------------------------------------------------------------------------------[s
     I             1   1.100425e+09   1.096976e+09   3.449047e+06   0.000000e+00            Inf              1[s
     P         50000   1.093794e+09   1.093794e+09   6.775105e-01   2.143926e+01   2.332170e+03             47[s
     P        100000   1.093794e+09   1.093794e+09   6.661654e-03   4.295479e+01   2.328029e+03             47[s
     P        150000   1.093794e+09   1.093794e+09   6.198883e-05   6.439457e+01   2.329389e+03             47[s
     P        200000   1.093794e+09   1.093794e+09   2.384186e-07   8.641752e+01   2.314346e+03             51[s
     P        250000   1.093794e+09   1.093794e+09   7.152557e-07   1.087439e+02   2.298979e+03             51[s
     P        300000   1.093794e+09   1.093794e+09   7.152557e-07   1.309264e+02   2.291363e+03             51[s
     P        350000   1.093794e+09   1.093794e+09   7.152557e-07   1.534198e+02   2.281322e+03             51[s
     P        400000   1.093794e+09   1.093794e+09   7.152557e-07   1.764500e+02   2.266931e+03             51[s
     P        450000   1.093794e+09   1.093794e+09   7.152557e-07   1.993634e+02   2.257185e+03             51[s
     P        500000   1.093794e+09   1.093794e+09   7.152557e-07   2.223223e+02   2.248987e+03             51[s
  Last        500001   1.093794e+09   1.093794e+09   7.152557e-07   2.223242e+02   2.248972e+03             51
----------------------------------------------------------------------------------------------------------------[s
    PP        500001   1.093794e+09   1.093794e+09   7.152557e-07   2.224271e+02   2.247932e+03             51
----------------------------------------------------------------------------------------------------------------[s



---------------------------------------------------------
---------------------------------------------------------
LMOs: DataType[FrankWolfe.ProbabilitySimplexOracle{Float64}, FrankWolfe.ScaledBoundLInfNormBall{Float64, 1, Vector{Float64}, Vector{Float64}}]
---------------------------------------------------------
---------------------------------------------------------



 ----------> Block-coordinate vanilla FW

Block coordinate Frank-Wolfe (BCFW).
MEMORY_MODE: FrankWolfe.InplaceEmphasis() STEPSIZE: DataType[FrankWolfe.Shortstep{Int64}, FrankWolfe.Shortstep{Int64}] EPSILON: 1.0e-9 MAXITERATION: 500000 TYPE: Float64
MOMENTUM: nothing GRADIENTTYPE: FrankWolfe.BlockVector{Float64, Vector{Float64}, Tuple{Int64}} UPDATE_ORDER: FrankWolfe.CyclicUpdate() UPDATE_STEP: DataType[FrankWolfe.FrankWolfeStep, FrankWolfe.FrankWolfeStep]

-------------------------------------------------------------------------------------------------
  Type     Iteration         Primal           Dual       Dual Gap           Time         It/sec
-------------------------------------------------------------------------------------------------[s
     I             1   1.689205e+06   1.685891e+06   3.314169e+03   0.000000e+00            Inf[s
    FW         50000   1.687215e+06   1.687215e+06   4.791927e-02   2.714099e+00   1.842232e+04[s
    FW        100000   1.687215e+06   1.687215e+06   2.388187e-02   5.590376e+00   1.788788e+04[s
    FW        150000   1.687215e+06   1.687215e+06   1.557769e-02   8.548495e+00   1.754695e+04[s
    FW        200000   1.687215e+06   1.687215e+06   1.157103e-02   1.164859e+01   1.716947e+04[s
    FW        250000   1.687215e+06   1.687215e+06   9.447060e-03   1.493818e+01   1.673564e+04[s
    FW        300000   1.687215e+06   1.687215e+06   8.064675e-03   1.839010e+01   1.631312e+04[s
    FW        350000   1.687215e+06   1.687215e+06   6.820035e-03   2.186698e+01   1.600586e+04[s
    FW        400000   1.687215e+06   1.687215e+06   5.851501e-03   2.551400e+01   1.567767e+04[s
    FW        450000   1.687215e+06   1.687215e+06   5.613887e-03   2.929792e+01   1.535945e+04[s
    FW        500000   1.687215e+06   1.687215e+06   4.742533e-03   3.318001e+01   1.506932e+04[s
  Last        500001   1.687215e+06   1.687215e+06   4.802629e-03   3.318103e+01   1.506888e+04
-------------------------------------------------------------------------------------------------[s



 ----------> Block-coordinate BPCG

Block coordinate Frank-Wolfe (BCFW).
MEMORY_MODE: FrankWolfe.InplaceEmphasis() STEPSIZE: DataType[FrankWolfe.Shortstep{Int64}, FrankWolfe.Shortstep{Int64}] EPSILON: 1.0e-9 MAXITERATION: 500000 TYPE: Float64
MOMENTUM: nothing GRADIENTTYPE: FrankWolfe.BlockVector{Float64, Vector{Float64}, Tuple{Int64}} UPDATE_ORDER: FrankWolfe.CyclicUpdate() UPDATE_STEP: DataType[FrankWolfe.BPCGStep, FrankWolfe.BPCGStep]

-------------------------------------------------------------------------------------------------
  Type     Iteration         Primal           Dual       Dual Gap           Time         It/sec
-------------------------------------------------------------------------------------------------[s
     I             1   1.689205e+06   1.685891e+06   3.314169e+03   0.000000e+00            Inf[s
  Last           605   1.687215e+06   1.687215e+06   9.313226e-10   5.318845e-02   1.137465e+04
-------------------------------------------------------------------------------------------------[s



 ----------> Block-coordinate BPCG over FULL product (i.e., BC with full BPCG updates)

Block coordinate Frank-Wolfe (BCFW).
MEMORY_MODE: FrankWolfe.InplaceEmphasis() STEPSIZE: DataType[FrankWolfe.Shortstep{Int64}, FrankWolfe.Shortstep{Int64}] EPSILON: 1.0e-9 MAXITERATION: 500000 TYPE: Float64
MOMENTUM: nothing GRADIENTTYPE: FrankWolfe.BlockVector{Float64, Vector{Float64}, Tuple{Int64}} UPDATE_ORDER: FrankWolfe.FullUpdate() UPDATE_STEP: DataType[FrankWolfe.BPCGStep, FrankWolfe.BPCGStep]

-------------------------------------------------------------------------------------------------
  Type     Iteration         Primal           Dual       Dual Gap           Time         It/sec
-------------------------------------------------------------------------------------------------[s
     I             1   1.689346e+06   1.684899e+06   4.447352e+03   0.000000e+00            Inf[s
  Last           600   1.687215e+06   1.687215e+06   6.984919e-10   2.845468e-02   2.108616e+04
-------------------------------------------------------------------------------------------------[s



 ----------> BPCG over full product LMO

Blended Pairwise Conditional Gradient Algorithm.
MEMORY_MODE: FrankWolfe.InplaceEmphasis() STEPSIZE: Shortstep EPSILON: 1.0e-9 MAXITERATION: 500000 TYPE: Float64
GRADIENTTYPE: FrankWolfe.BlockVector{Float64, Vector{Float64}, Tuple{Int64}} LAZY: false lazy_tolerance: 2.0
LMO: FrankWolfe.ProductLMO{2, Tuple{FrankWolfe.ProbabilitySimplexOracle{Float64}, FrankWolfe.ScaledBoundLInfNormBall{Float64, 1, Vector{Float64}, Vector{Float64}}}}

----------------------------------------------------------------------------------------------------------------
  Type     Iteration         Primal           Dual       Dual Gap           Time         It/sec     #ActiveSet
----------------------------------------------------------------------------------------------------------------[s
     I             1   1.692500e+06   1.688053e+06   4.447352e+03   0.000000e+00            Inf              1[s
  Last           600   1.687215e+06   1.687215e+06   9.313226e-10   2.516636e-01   2.384135e+03             34
----------------------------------------------------------------------------------------------------------------[s
    PP           600   1.687215e+06   1.687215e+06   9.313226e-10   2.528266e-01   2.373168e+03             34
----------------------------------------------------------------------------------------------------------------[s



---------------------------------------------------------
---------------------------------------------------------
LMOs: DataType[FrankWolfe.ProbabilitySimplexOracle{Float64}, FrankWolfe.ScaledBoundL1NormBall{Float64, 1, Vector{Float64}, Vector{Float64}}]
---------------------------------------------------------
---------------------------------------------------------



 ----------> Block-coordinate vanilla FW

Block coordinate Frank-Wolfe (BCFW).
MEMORY_MODE: FrankWolfe.InplaceEmphasis() STEPSIZE: DataType[FrankWolfe.Shortstep{Int64}, FrankWolfe.Shortstep{Int64}] EPSILON: 1.0e-9 MAXITERATION: 500000 TYPE: Float64
MOMENTUM: nothing GRADIENTTYPE: FrankWolfe.BlockVector{Float64, Vector{Float64}, Tuple{Int64}} UPDATE_ORDER: FrankWolfe.CyclicUpdate() UPDATE_STEP: DataType[FrankWolfe.FrankWolfeStep, FrankWolfe.FrankWolfeStep]

-------------------------------------------------------------------------------------------------
  Type     Iteration         Primal           Dual       Dual Gap           Time         It/sec
-------------------------------------------------------------------------------------------------[s
     I             1   1.097802e+09   1.094455e+09   3.346089e+06   0.000000e+00            Inf[s
    FW         50000   1.094163e+09   1.094163e+09   1.149836e+02   2.787702e+00   1.793592e+04[s
    FW        100000   1.094163e+09   1.094163e+09   5.679102e+01   5.738690e+00   1.742558e+04[s
    FW        150000   1.094163e+09   1.094163e+09   3.696418e+01   8.826252e+00   1.699476e+04[s
    FW        200000   1.094163e+09   1.094163e+09   2.922970e+01   1.201017e+01   1.665255e+04[s
    FW        250000   1.094163e+09   1.094163e+09   2.335001e+01   1.534609e+01   1.629079e+04[s
    FW        300000   1.094163e+09   1.094163e+09   1.807178e+01   1.881170e+01   1.594753e+04[s
    FW        350000   1.094163e+09   1.094163e+09   1.654418e+01   2.242131e+01   1.561015e+04[s
    FW        400000   1.094163e+09   1.094163e+09   1.427817e+01   2.613072e+01   1.530765e+04[s
    FW        450000   1.094163e+09   1.094163e+09   1.293600e+01   2.997087e+01   1.501458e+04[s
    FW        500000   1.094163e+09   1.094163e+09   1.187052e+01   3.392294e+01   1.473929e+04[s
  Last        500001   1.094163e+09   1.094163e+09   1.106162e+01   3.392438e+01   1.473869e+04
-------------------------------------------------------------------------------------------------[s



 ----------> Block-coordinate BPCG

Block coordinate Frank-Wolfe (BCFW).
MEMORY_MODE: FrankWolfe.InplaceEmphasis() STEPSIZE: DataType[FrankWolfe.Shortstep{Int64}, FrankWolfe.Shortstep{Int64}] EPSILON: 1.0e-9 MAXITERATION: 500000 TYPE: Float64
MOMENTUM: nothing GRADIENTTYPE: FrankWolfe.BlockVector{Float64, Vector{Float64}, Tuple{Int64}} UPDATE_ORDER: FrankWolfe.CyclicUpdate() UPDATE_STEP: DataType[FrankWolfe.BPCGStep, FrankWolfe.BPCGStep]

-------------------------------------------------------------------------------------------------
  Type     Iteration         Primal           Dual       Dual Gap           Time         It/sec
-------------------------------------------------------------------------------------------------[s
     I             1   1.097802e+09   1.094455e+09   3.346089e+06   0.000000e+00            Inf[s
  Last           593   1.094163e+09   1.094163e+09   4.768372e-07   5.619642e-02   1.055227e+04
-------------------------------------------------------------------------------------------------[s



 ----------> Block-coordinate BPCG over FULL product (i.e., BC with full BPCG updates)

Block coordinate Frank-Wolfe (BCFW).
MEMORY_MODE: FrankWolfe.InplaceEmphasis() STEPSIZE: DataType[FrankWolfe.Shortstep{Int64}, FrankWolfe.Shortstep{Int64}] EPSILON: 1.0e-9 MAXITERATION: 500000 TYPE: Float64
MOMENTUM: nothing GRADIENTTYPE: FrankWolfe.BlockVector{Float64, Vector{Float64}, Tuple{Int64}} UPDATE_ORDER: FrankWolfe.FullUpdate() UPDATE_STEP: DataType[FrankWolfe.BPCGStep, FrankWolfe.BPCGStep]

-------------------------------------------------------------------------------------------------
  Type     Iteration         Primal           Dual       Dual Gap           Time         It/sec
-------------------------------------------------------------------------------------------------[s
     I             1   1.097872e+09   1.094536e+09   3.336176e+06   0.000000e+00            Inf[s
  Last           613   1.094163e+09   1.094163e+09   0.000000e+00   3.187958e-02   1.922861e+04
-------------------------------------------------------------------------------------------------[s



 ----------> BPCG over full product LMO

Blended Pairwise Conditional Gradient Algorithm.
MEMORY_MODE: FrankWolfe.InplaceEmphasis() STEPSIZE: Shortstep EPSILON: 1.0e-9 MAXITERATION: 500000 TYPE: Float64
GRADIENTTYPE: FrankWolfe.BlockVector{Float64, Vector{Float64}, Tuple{Int64}} LAZY: false lazy_tolerance: 2.0
LMO: FrankWolfe.ProductLMO{2, Tuple{FrankWolfe.ProbabilitySimplexOracle{Float64}, FrankWolfe.ScaledBoundL1NormBall{Float64, 1, Vector{Float64}, Vector{Float64}}}}

----------------------------------------------------------------------------------------------------------------
  Type     Iteration         Primal           Dual       Dual Gap           Time         It/sec     #ActiveSet
----------------------------------------------------------------------------------------------------------------[s
     I             1   1.100536e+09   1.097200e+09   3.336176e+06   0.000000e+00            Inf              1[s
     P         50000   1.094163e+09   1.094163e+09   6.985664e-04   2.102072e+01   2.378605e+03             36[s
     P        100000   1.094163e+09   1.094163e+09   3.814697e-06   4.182132e+01   2.391125e+03             38[s
  Last        131019   1.094163e+09   1.094163e+09   0.000000e+00   5.495522e+01   2.384105e+03             39
----------------------------------------------------------------------------------------------------------------[s
    PP        131019   1.094163e+09   1.094163e+09   0.000000e+00   5.495615e+01   2.384064e+03             39
----------------------------------------------------------------------------------------------------------------[s



---------------------------------------------------------
---------------------------------------------------------
LMOs: DataType[FrankWolfe.ScaledBoundLInfNormBall{Float64, 1, Vector{Float64}, Vector{Float64}}, FrankWolfe.ScaledBoundL1NormBall{Float64, 1, Vector{Float64}, Vector{Float64}}]
---------------------------------------------------------
---------------------------------------------------------



 ----------> Block-coordinate vanilla FW

Block coordinate Frank-Wolfe (BCFW).
MEMORY_MODE: FrankWolfe.InplaceEmphasis() STEPSIZE: DataType[FrankWolfe.Shortstep{Int64}, FrankWolfe.Shortstep{Int64}] EPSILON: 1.0e-9 MAXITERATION: 500000 TYPE: Float64
MOMENTUM: nothing GRADIENTTYPE: FrankWolfe.BlockVector{Float64, Vector{Float64}, Tuple{Int64}} UPDATE_ORDER: FrankWolfe.CyclicUpdate() UPDATE_STEP: DataType[FrankWolfe.FrankWolfeStep, FrankWolfe.FrankWolfeStep]

-------------------------------------------------------------------------------------------------
  Type     Iteration         Primal           Dual       Dual Gap           Time         It/sec
-------------------------------------------------------------------------------------------------[s
     I             1   7.096179e+08   5.411020e+08   1.685159e+08   0.000000e+00            Inf[s
    FW         50000   7.062999e+08   7.062998e+08   1.157994e+02   2.933072e+00   1.704697e+04[s
    FW        100000   7.062998e+08   7.062998e+08   5.881134e+01   5.889002e+00   1.698080e+04[s
    FW        150000   7.062998e+08   7.062998e+08   3.648075e+01   8.986606e+00   1.669151e+04[s
    FW        200000   7.062998e+08   7.062998e+08   2.774127e+01   1.225865e+01   1.631501e+04[s
    FW        250000   7.062998e+08   7.062997e+08   2.336135e+01   1.563209e+01   1.599274e+04[s
    FW        300000   7.062998e+08   7.062997e+08   1.855036e+01   1.911553e+01   1.569405e+04[s
    FW        350000   7.062998e+08   7.062997e+08   1.651659e+01   2.274427e+01   1.538849e+04[s
    FW        400000   7.062998e+08   7.062997e+08   1.414855e+01   2.646618e+01   1.511363e+04[s
    FW        450000   7.062998e+08   7.062997e+08   1.270093e+01   3.034373e+01   1.483008e+04[s
    FW        500000   7.062998e+08   7.062997e+08   1.104155e+01   3.434332e+01   1.455887e+04[s
  Last        500001   7.062998e+08   7.062997e+08   1.130020e+01   3.438204e+01   1.454250e+04
-------------------------------------------------------------------------------------------------[s



 ----------> Block-coordinate BPCG

Block coordinate Frank-Wolfe (BCFW).
MEMORY_MODE: FrankWolfe.InplaceEmphasis() STEPSIZE: DataType[FrankWolfe.Shortstep{Int64}, FrankWolfe.Shortstep{Int64}] EPSILON: 1.0e-9 MAXITERATION: 500000 TYPE: Float64
MOMENTUM: nothing GRADIENTTYPE: FrankWolfe.BlockVector{Float64, Vector{Float64}, Tuple{Int64}} UPDATE_ORDER: FrankWolfe.CyclicUpdate() UPDATE_STEP: DataType[FrankWolfe.BPCGStep, FrankWolfe.BPCGStep]

-------------------------------------------------------------------------------------------------
  Type     Iteration         Primal           Dual       Dual Gap           Time         It/sec
-------------------------------------------------------------------------------------------------[s
     I             1   7.096179e+08   5.411020e+08   1.685159e+08   0.000000e+00            Inf[s
     P         50000   7.062997e+08   7.062997e+08   2.384186e-07   3.506506e+00   1.425921e+04[s
     P        100000   7.062997e+08   7.062997e+08   2.384186e-07   6.998007e+00   1.428978e+04[s
     P        150000   7.062997e+08   7.062997e+08   2.384186e-07   1.054275e+01   1.422778e+04[s
     P        200000   7.062997e+08   7.062997e+08   2.384186e-07   1.435473e+01   1.393269e+04[s
     P        250000   7.062997e+08   7.062997e+08   2.384186e-07   1.813976e+01   1.378188e+04[s
     P        300000   7.062997e+08   7.062997e+08   2.384186e-07   2.208562e+01   1.358350e+04[s
     P        350000   7.062997e+08   7.062997e+08   2.384186e-07   2.615828e+01   1.338009e+04[s
     P        400000   7.062997e+08   7.062997e+08   2.384186e-07   3.033577e+01   1.318575e+04[s
     P        450000   7.062997e+08   7.062997e+08   2.384186e-07   3.465929e+01   1.298353e+04[s
     P        500000   7.062997e+08   7.062997e+08   2.384186e-07   3.912751e+01   1.277873e+04[s
  Last        500001   7.062997e+08   7.062997e+08   2.384186e-07   3.912891e+01   1.277830e+04
-------------------------------------------------------------------------------------------------[s



 ----------> Block-coordinate BPCG over FULL product (i.e., BC with full BPCG updates)

Block coordinate Frank-Wolfe (BCFW).
MEMORY_MODE: FrankWolfe.InplaceEmphasis() STEPSIZE: DataType[FrankWolfe.Shortstep{Int64}, FrankWolfe.Shortstep{Int64}] EPSILON: 1.0e-9 MAXITERATION: 500000 TYPE: Float64
MOMENTUM: nothing GRADIENTTYPE: FrankWolfe.BlockVector{Float64, Vector{Float64}, Tuple{Int64}} UPDATE_ORDER: FrankWolfe.FullUpdate() UPDATE_STEP: DataType[FrankWolfe.BPCGStep, FrankWolfe.BPCGStep]

-------------------------------------------------------------------------------------------------
  Type     Iteration         Primal           Dual       Dual Gap           Time         It/sec
-------------------------------------------------------------------------------------------------[s
     I             1   7.094202e+08   5.404003e+08   1.690199e+08   0.000000e+00            Inf[s
  Last           713   7.062997e+08   7.062997e+08   1.192093e-07   8.635784e-02   8.256344e+03
-------------------------------------------------------------------------------------------------[s



 ----------> BPCG over full product LMO

Blended Pairwise Conditional Gradient Algorithm.
MEMORY_MODE: FrankWolfe.InplaceEmphasis() STEPSIZE: Shortstep EPSILON: 1.0e-9 MAXITERATION: 500000 TYPE: Float64
GRADIENTTYPE: FrankWolfe.BlockVector{Float64, Vector{Float64}, Tuple{Int64}} LAZY: false lazy_tolerance: 2.0
LMO: FrankWolfe.ProductLMO{2, Tuple{FrankWolfe.ScaledBoundLInfNormBall{Float64, 1, Vector{Float64}, Vector{Float64}}, FrankWolfe.ScaledBoundL1NormBall{Float64, 1, Vector{Float64}, Vector{Float64}}}}

----------------------------------------------------------------------------------------------------------------
  Type     Iteration         Primal           Dual       Dual Gap           Time         It/sec     #ActiveSet
----------------------------------------------------------------------------------------------------------------[s
     I             1   1.015965e+09   8.469453e+08   1.690199e+08   0.000000e+00            Inf              1[s
  Last           721   7.062997e+08   7.062997e+08   1.192093e-07   2.729564e-01   2.641448e+03             36
----------------------------------------------------------------------------------------------------------------[s
    PP           721   7.062997e+08   7.062997e+08   1.192093e-07   3.557955e-01   2.026445e+03             36
----------------------------------------------------------------------------------------------------------------[s
[ Info: In memory_mode memory iterates are written back into x0!
[ Info: In memory_mode memory iterates are written back into x0!
[ Info: In memory_mode memory iterates are written back into x0!
[ Info: In memory_mode memory iterates are written back into x0!
[ Info: In memory_mode memory iterates are written back into x0!
[ Info: In memory_mode memory iterates are written back into x0!
[ Info: In memory_mode memory iterates are written back into x0!
[ Info: In memory_mode memory iterates are written back into x0!
[ Info: In memory_mode memory iterates are written back into x0!
[ Info: In memory_mode memory iterates are written back into x0!
[ Info: In memory_mode memory iterates are written back into x0!
[ Info: In memory_mode memory iterates are written back into x0!
[ Info: In memory_mode memory iterates are written back into x0!
[ Info: In memory_mode memory iterates are written back into x0!
[ Info: In memory_mode memory iterates are written back into x0!
[ Info: In memory_mode memory iterates are written back into x0!
[ Info: In memory_mode memory iterates are written back into x0!
[ Info: In memory_mode memory iterates are written back into x0!
